#
# A fatal error has been detected by the Java Runtime Environment:
#
#  SIGSEGV (0xb) at pc=0x00007fff959ee0dd, pid=529, tid=1811
#
# JRE version: Java(TM) SE Runtime Environment (8.0_71-b15) (build 1.8.0_71-b15)
# Java VM: Java HotSpot(TM) 64-Bit Server VM (25.71-b15 mixed mode bsd-amd64 compressed oops)
# Problematic frame:
# C  [libobjc.A.dylib+0x10dd]  objc_msgSend+0x1d
#
# Failed to write core dump. Core dumps have been disabled. To enable core dumping, try "ulimit -c unlimited" before starting Java again
#
# If you would like to submit a bug report, please visit:
#   http://bugreport.java.com/bugreport/crash.jsp
# The crash happened outside the Java Virtual Machine in native code.
# See problematic frame for where to report the bug.
#

---------------  T H R E A D  ---------------

Current thread (0x00007f9422872800):  JavaThread "AWT-AppKit" daemon [_thread_in_native, id=1811, stack(0x00007fff56b4f000,0x00007fff5734f000)]

siginfo: si_signo: 11 (SIGSEGV), si_code: 1 (SEGV_MAPERR), si_addr: 0x0000000000000018

Registers:
RAX=0x00007f942271baa0, RBX=0x0000000174631450, RCX=0x00000001750a00a0, RDX=0x00000001750a0360
RSP=0x00007fff5734a5d8, RBP=0x00007fff5734a690, RSI=0x00007fff8f4ba40f, RDI=0x00007f942743dab0
R8 =0x0000000000000000, R9 =0x0000000000000f50, R10=0x00007fff8f4ba40f, R11=0x0000000000000000
R12=0x0000000000000000, R13=0x00000001785e7c00, R14=0x0000000174631440, R15=0x00007f9422872800
RIP=0x00007fff959ee0dd, EFLAGS=0x0000000000010246, ERR=0x0000000000000004
  TRAPNO=0x000000000000000e

Top of Stack: (sp=0x00007fff5734a5d8)
0x00007fff5734a5d8:   000000017462f157 00007fff5734a630
0x00007fff5734a5e8:   0000000000000003 00007fff5734a610
0x00007fff5734a5f8:   00000001093f0d66 00000001785e7c00
0x00007fff5734a608:   00000001785e7c00 00007f942271baa0
0x00007fff5734a618:   00000001746316a0 0000000174631710
0x00007fff5734a628:   00007fff7a659550 00007fff793dbc80
0x00007fff5734a638:   0000000174631450 0000000174631690
0x00007fff5734a648:   00007f942271baa0 00007f942743dab0
0x00007fff5734a658:   00007f9422446480 00007f942271baa0
0x00007fff5734a668:   00007f942743dab0 00007fff5734a710
0x00007fff5734a678:   00007f94228729f8 00000001785e7c00
0x00007fff5734a688:   00007fff5734a738 00007fff5734a700
0x00007fff5734a698:   000000010a2dc954 00007fff5734a700
0x00007fff5734a6a8:   000000010a2dc6d9 000000010a2e8823
0x00007fff5734a6b8:   000000010a2dc6a2 00007fff5734a6c0
0x00007fff5734a6c8:   00000001785e7c00 00007fff5734a738
0x00007fff5734a6d8:   00000001785ea838 0000000000000000
0x00007fff5734a6e8:   00000001785e7c00 0000000000000000
0x00007fff5734a6f8:   00007fff5734a720 00007fff5734a780
0x00007fff5734a708:   000000010a2cec4d 000000074004ecb0
0x00007fff5734a718:   000000010a2d6578 00007f942271baa0
0x00007fff5734a728:   000000010a2d7db9 00007f942743dab0
0x00007fff5734a738:   000000010a2d7d82 00007fff5734a740
0x00007fff5734a748:   00000001785e7dca 00007fff5734a7a8
0x00007fff5734a758:   00000001785ea838 0000000000000000
0x00007fff5734a768:   00000001785e7dd8 00007fff5734a720
0x00007fff5734a778:   00007fff5734a790 00007fff5734a7f0
0x00007fff5734a788:   000000010a2cec4d 00007f942271baa0
0x00007fff5734a798:   00000007978791c0 00007f942743dab0
0x00007fff5734a7a8:   00000007978791c0 00007fff5734a7b0
0x00007fff5734a7b8:   000000017c001a96 00007fff5734a800
0x00007fff5734a7c8:   000000017c001b50 0000000000000000 

Instructions: (pc=0x00007fff959ee0dd)
0x00007fff959ee0bd:   00 00 00 48 85 ff 2e 74 7a 40 f6 c7 01 2e 75 7e
0x00007fff959ee0cd:   49 bb f8 ff ff ff ff 7f 00 00 4c 23 1f 49 89 f2
0x00007fff959ee0dd:   45 23 53 18 49 c1 e2 04 4d 03 53 10 49 3b 32 75
0x00007fff959ee0ed:   04 41 ff 62 08 49 83 3a 00 74 6a 4d 3b 53 10 74 

Register to memory mapping:

RAX=0x00007f942271baa0 is an unknown value
RBX=0x0000000174631450: Java_jogamp_nativewindow_macosx_OSXUtil_GetScreenRefreshRate0+0x1cf0 in /private/var/folders/nd/04sy8tm10pndhyqtb5gnkm_c0000gn/T/jogamp_0000/file_cache/jln467255583480983703/jln6229131107345046007/libnativewindow_macosx.jnilib at 0x000000017462a000
RCX=0x00000001750a00a0 is an unknown value
RDX=0x00000001750a0360 is an unknown value
RSP=0x00007fff5734a5d8 is pointing into the stack for thread: 0x00007f9422872800
RBP=0x00007fff5734a690 is pointing into the stack for thread: 0x00007f9422872800
RSI=0x00007fff8f4ba40f is an unknown value
RDI=0x00007f942743dab0 is an unknown value
R8 =0x0000000000000000 is an unknown value
R9 =0x0000000000000f50 is an unknown value
R10=0x00007fff8f4ba40f is an unknown value
R11=0x0000000000000000 is an unknown value
R12=0x0000000000000000 is an unknown value
R13={method} {0x00000001785e7c00} 'UnsetJAWTRootSurfaceLayer0' '(JJ)V' in 'jogamp/nativewindow/jawt/macosx/MacOSXJAWTWindow'
R14=0x0000000174631440: Java_jogamp_nativewindow_macosx_OSXUtil_GetScreenRefreshRate0+0x1ce0 in /private/var/folders/nd/04sy8tm10pndhyqtb5gnkm_c0000gn/T/jogamp_0000/file_cache/jln467255583480983703/jln6229131107345046007/libnativewindow_macosx.jnilib at 0x000000017462a000
R15=0x00007f9422872800 is a thread


Stack: [0x00007fff56b4f000,0x00007fff5734f000],  sp=0x00007fff5734a5d8,  free space=8173k
Native frames: (J=compiled Java code, j=interpreted, Vv=VM code, C=native code)
C  [libobjc.A.dylib+0x10dd]  objc_msgSend+0x1d
j  jogamp.nativewindow.jawt.macosx.MacOSXJAWTWindow.UnsetJAWTRootSurfaceLayer0(JJ)V+0
j  jogamp.nativewindow.jawt.macosx.MacOSXJAWTWindow.access$200(JJ)V+2
j  jogamp.nativewindow.jawt.macosx.MacOSXJAWTWindow$1.run()V+38
j  com.jogamp.common.util.RunnableTask.run()V+24
v  ~StubRoutines::call_stub
V  [libjvm.dylib+0x2ea59a]
V  [libjvm.dylib+0x3216a3]
V  [libjvm.dylib+0x313e77]
C  [libnativewindow_macosx.jnilib+0x5326]  Java_jogamp_nativewindow_jawt_macosx_MacOSXJAWTWindow_UnsetJAWTRootSurfaceLayer0+0x2b6
C  [Foundation+0x92dd0]  __NSThreadPerformPerform+0x125
C  [CoreFoundation+0x80a01]  __CFRUNLOOP_IS_CALLING_OUT_TO_A_SOURCE0_PERFORM_FUNCTION__+0x11
C  [CoreFoundation+0x72c5c]  __CFRunLoopDoSources0+0x1dc
C  [CoreFoundation+0x721bf]  __CFRunLoopRun+0x39f
C  [CoreFoundation+0x71bd8]  CFRunLoopRunSpecific+0x128
C  [HIToolbox+0x3256f]  RunCurrentEventLoopInMode+0xeb
C  [HIToolbox+0x321ee]  ReceiveNextEventCommon+0xb3
C  [HIToolbox+0x3212b]  _BlockUntilNextEventMatchingListInModeWithFilter+0x47
C  [AppKit+0x918ab]  _DPSNextEvent+0x3d2
C  [AppKit+0x90e58]  -[NSApplication nextEventMatchingMask:untilDate:inMode:dequeue:]+0x15a
C  [libosxapp.dylib+0x23aa]  -[NSApplicationAWT nextEventMatchingMask:untilDate:inMode:dequeue:]+0x7c
C  [AppKit+0x86af3]  -[NSApplication run]+0x252
C  [libosxapp.dylib+0x214d]  +[NSApplicationAWT runAWTLoopWithApp:]+0x9c
C  [libawt_lwawt.dylib+0x4455b]  -[AWTStarter starter:]+0x389
C  [Foundation+0x92dd0]  __NSThreadPerformPerform+0x125
C  [CoreFoundation+0x80a01]  __CFRUNLOOP_IS_CALLING_OUT_TO_A_SOURCE0_PERFORM_FUNCTION__+0x11
C  [CoreFoundation+0x72b8d]  __CFRunLoopDoSources0+0x10d
C  [CoreFoundation+0x721bf]  __CFRunLoopRun+0x39f
C  [CoreFoundation+0x71bd8]  CFRunLoopRunSpecific+0x128
C  [java+0x6463]  CreateExecutionEnvironment+0x367
C  [java+0x21ac]  JLI_Launch+0x7a0
C  [java+0x84c0]  main+0x65
C  [java+0x1a04]  start+0x34
C  0x0000000000000007

Java frames: (J=compiled Java code, j=interpreted, Vv=VM code)
j  jogamp.nativewindow.jawt.macosx.MacOSXJAWTWindow.UnsetJAWTRootSurfaceLayer0(JJ)V+0
j  jogamp.nativewindow.jawt.macosx.MacOSXJAWTWindow.access$200(JJ)V+2
j  jogamp.nativewindow.jawt.macosx.MacOSXJAWTWindow$1.run()V+38
j  com.jogamp.common.util.RunnableTask.run()V+24
v  ~StubRoutines::call_stub

---------------  P R O C E S S  ---------------

Java Threads: ( => current thread )
  0x00007f94236e9000 JavaThread "Thread-28" [_thread_blocked, id=64571, stack(0x000000017d22a000,0x000000017d32a000)]
  0x00007f942417b800 JavaThread "Image Fetcher 1" daemon [_thread_blocked, id=63235, stack(0x000000017cd19000,0x000000017ce19000)]
  0x00007f9423a85800 JavaThread "Image Fetcher 0" daemon [_thread_blocked, id=62723, stack(0x000000017cb92000,0x000000017cc92000)]
  0x00007f9423a8f800 JavaThread "Keep-Alive-Timer" daemon [_thread_blocked, id=62267, stack(0x000000017ca8f000,0x000000017cb8f000)]
  0x00007f9422afa800 JavaThread "Animation Thread" [_thread_blocked, id=56095, stack(0x0000000174a24000,0x0000000174b24000)]
  0x00007f9423273000 JavaThread "AWT-EventQueue-1" [_thread_in_native, id=56375, stack(0x0000000174f9e000,0x000000017509e000)]
  0x00007f94240c4800 JavaThread "DestroyJavaVM" [_thread_blocked, id=4867, stack(0x000000010a190000,0x000000010a290000)]
  0x00007f9423236000 JavaThread "AWT-EventQueue-0" [_thread_blocked, id=54019, stack(0x0000000128cfe000,0x0000000128dfe000)]
  0x00007f942393d000 JavaThread "Java2D Disposer" daemon [_thread_blocked, id=50967, stack(0x00000001279d4000,0x0000000127ad4000)]
  0x00007f9422959000 JavaThread "Java2D Queue Flusher" daemon [_thread_blocked, id=49671, stack(0x0000000126992000,0x0000000126a92000)]
  0x00007f942316a000 JavaThread "AWT-Shutdown" [_thread_blocked, id=28179, stack(0x0000000123bc4000,0x0000000123cc4000)]
=>0x00007f9422872800 JavaThread "AWT-AppKit" daemon [_thread_in_native, id=1811, stack(0x00007fff56b4f000,0x00007fff5734f000)]
  0x00007f9423849800 JavaThread "Service Thread" daemon [_thread_blocked, id=17923, stack(0x0000000121fd3000,0x00000001220d3000)]
  0x00007f9422833000 JavaThread "C1 CompilerThread2" daemon [_thread_blocked, id=17411, stack(0x0000000121ed0000,0x0000000121fd0000)]
  0x00007f9422808800 JavaThread "C2 CompilerThread1" daemon [_thread_blocked, id=16899, stack(0x0000000121dcd000,0x0000000121ecd000)]
  0x00007f9422831800 JavaThread "C2 CompilerThread0" daemon [_thread_blocked, id=16387, stack(0x0000000121cca000,0x0000000121dca000)]
  0x00007f9422830800 JavaThread "Signal Dispatcher" daemon [_thread_blocked, id=13579, stack(0x0000000121bc7000,0x0000000121cc7000)]
  0x00007f942382f000 JavaThread "Finalizer" daemon [_thread_blocked, id=11523, stack(0x000000012023c000,0x000000012033c000)]
  0x00007f942382e000 JavaThread "Reference Handler" daemon [_thread_blocked, id=11011, stack(0x0000000120139000,0x0000000120239000)]

Other Threads:
  0x00007f942382b800 VMThread [stack: 0x0000000120036000,0x0000000120136000] [id=10499]
  0x00007f9423815000 WatcherThread [stack: 0x00000001220d6000,0x00000001221d6000] [id=18435]

VM state:not at safepoint (normal execution)

VM Mutex/Monitor currently owned by a thread: None

Heap:
 PSYoungGen      total 38400K, used 21782K [0x0000000795580000, 0x0000000798000000, 0x00000007c0000000)
  eden space 33280K, 50% used [0x0000000795580000,0x00000007965c8ec8,0x0000000797600000)
  from space 5120K, 99% used [0x0000000797600000,0x0000000797afccb0,0x0000000797b00000)
  to   space 5120K, 0% used [0x0000000797b00000,0x0000000797b00000,0x0000000798000000)
 ParOldGen       total 87552K, used 11599K [0x0000000740000000, 0x0000000745580000, 0x0000000795580000)
  object space 87552K, 13% used [0x0000000740000000,0x0000000740b53d18,0x0000000745580000)
 Metaspace       used 18921K, capacity 19071K, committed 19328K, reserved 1067008K
  class space    used 1867K, capacity 1918K, committed 1920K, reserved 1048576K

Card table byte_map: [0x0000000119687000,0x0000000119a88000] byte_map_base: 0x0000000115c87000

Marking Bits: (ParMarkBitMap*) 0x0000000109ae3ea0
 Begin Bits: [0x000000011a13f000, 0x000000011c13f000)
 End Bits:   [0x000000011c13f000, 0x000000011e13f000)

Polling page: 0x00000001089d5000

CodeCache: size=245760Kb used=6820Kb max_used=6833Kb free=238939Kb
 bounds [0x000000010a2c7000, 0x000000010a987000, 0x00000001192c7000]
 total_blobs=2823 nmethods=1950 adapters=787
 compilation: enabled

Compilation events (10 events):
Event: 8.154 Thread 0x00007f9422833000 1945       1       java.awt.Component::getTreeLock (4 bytes)
Event: 8.155 Thread 0x00007f9422833000 nmethod 1945 0x000000010a965bd0 code [0x000000010a965d20, 0x000000010a965e30]
Event: 8.187 Thread 0x00007f9422833000 1946       3       com.jogamp.common.util.VersionNumber::compareTo (80 bytes)
Event: 8.187 Thread 0x00007f9422833000 nmethod 1946 0x000000010a96e250 code [0x000000010a96e3c0, 0x000000010a96e6f0]
Event: 8.204 Thread 0x00007f9422833000 1947       1       sun.java2d.SurfaceData::isValid (5 bytes)
Event: 8.205 Thread 0x00007f9422833000 nmethod 1947 0x000000010a96df90 code [0x000000010a96e0e0, 0x000000010a96e1f0]
Event: 8.205 Thread 0x00007f9422833000 1948       3       sun.java2d.pipe.RenderBuffer::putFloat (26 bytes)
Event: 8.205 Thread 0x00007f9422833000 nmethod 1948 0x000000010a96dbd0 code [0x000000010a96dd40, 0x000000010a96ded0]
Event: 8.218 Thread 0x00007f9422808800 1950  s!   4       sun.misc.URLClassPath::getLoader (197 bytes)
Event: 8.225 Thread 0x00007f9422808800 nmethod 1950 0x000000010a978f10 code [0x000000010a979080, 0x000000010a979858]

GC Heap History (6 events):
Event: 1.928 GC heap before
{Heap before GC invocations=1 (full 0):
 PSYoungGen      total 38400K, used 33280K [0x0000000795580000, 0x0000000798000000, 0x00000007c0000000)
  eden space 33280K, 100% used [0x0000000795580000,0x0000000797600000,0x0000000797600000)
  from space 5120K, 0% used [0x0000000797b00000,0x0000000797b00000,0x0000000798000000)
  to   space 5120K, 0% used [0x0000000797600000,0x0000000797600000,0x0000000797b00000)
 ParOldGen       total 87552K, used 0K [0x0000000740000000, 0x0000000745580000, 0x0000000795580000)
  object space 87552K, 0% used [0x0000000740000000,0x0000000740000000,0x0000000745580000)
 Metaspace       used 15624K, capacity 15817K, committed 16000K, reserved 1062912K
  class space    used 1572K, capacity 1627K, committed 1664K, reserved 1048576K
Event: 1.934 GC heap after
Heap after GC invocations=1 (full 0):
 PSYoungGen      total 38400K, used 4800K [0x0000000795580000, 0x0000000798000000, 0x00000007c0000000)
  eden space 33280K, 0% used [0x0000000795580000,0x0000000795580000,0x0000000797600000)
  from space 5120K, 93% used [0x0000000797600000,0x0000000797ab03f0,0x0000000797b00000)
  to   space 5120K, 0% used [0x0000000797b00000,0x0000000797b00000,0x0000000798000000)
 ParOldGen       total 87552K, used 16K [0x0000000740000000, 0x0000000745580000, 0x0000000795580000)
  object space 87552K, 0% used [0x0000000740000000,0x0000000740004000,0x0000000745580000)
 Metaspace       used 15624K, capacity 15817K, committed 16000K, reserved 1062912K
  class space    used 1572K, capacity 1627K, committed 1664K, reserved 1048576K
}
Event: 2.918 GC heap before
{Heap before GC invocations=2 (full 0):
 PSYoungGen      total 38400K, used 37924K [0x0000000795580000, 0x0000000798000000, 0x00000007c0000000)
  eden space 33280K, 99% used [0x0000000795580000,0x00000007975d8f28,0x0000000797600000)
  from space 5120K, 93% used [0x0000000797600000,0x0000000797ab03f0,0x0000000797b00000)
  to   space 5120K, 0% used [0x0000000797b00000,0x0000000797b00000,0x0000000798000000)
 ParOldGen       total 87552K, used 16K [0x0000000740000000, 0x0000000745580000, 0x0000000795580000)
  object space 87552K, 0% used [0x0000000740000000,0x0000000740004000,0x0000000745580000)
 Metaspace       used 18347K, capacity 18495K, committed 18560K, reserved 1067008K
  class space    used 1860K, capacity 1918K, committed 1920K, reserved 1048576K
Event: 2.934 GC heap after
Heap after GC invocations=2 (full 0):
 PSYoungGen      total 38400K, used 5091K [0x0000000795580000, 0x0000000798000000, 0x00000007c0000000)
  eden space 33280K, 0% used [0x0000000795580000,0x0000000795580000,0x0000000797600000)
  from space 5120K, 99% used [0x0000000797b00000,0x0000000797ff8cb0,0x0000000798000000)
  to   space 5120K, 0% used [0x0000000797600000,0x0000000797600000,0x0000000797b00000)
 ParOldGen       total 87552K, used 6974K [0x0000000740000000, 0x0000000745580000, 0x0000000795580000)
  object space 87552K, 7% used [0x0000000740000000,0x00000007406cfbe8,0x0000000745580000)
 Metaspace       used 18347K, capacity 18495K, committed 18560K, reserved 1067008K
  class space    used 1860K, capacity 1918K, committed 1920K, reserved 1048576K
}
Event: 3.733 GC heap before
{Heap before GC invocations=3 (full 0):
 PSYoungGen      total 38400K, used 38371K [0x0000000795580000, 0x0000000798000000, 0x00000007c0000000)
  eden space 33280K, 100% used [0x0000000795580000,0x0000000797600000,0x0000000797600000)
  from space 5120K, 99% used [0x0000000797b00000,0x0000000797ff8cb0,0x0000000798000000)
  to   space 5120K, 0% used [0x0000000797600000,0x0000000797600000,0x0000000797b00000)
 ParOldGen       total 87552K, used 6974K [0x0000000740000000, 0x0000000745580000, 0x0000000795580000)
  object space 87552K, 7% used [0x0000000740000000,0x00000007406cfbe8,0x0000000745580000)
 Metaspace       used 18603K, capacity 18751K, committed 18816K, reserved 1067008K
  class space    used 1860K, capacity 1918K, committed 1920K, reserved 1048576K
Event: 3.739 GC heap after
Heap after GC invocations=3 (full 0):
 PSYoungGen      total 38400K, used 5107K [0x0000000795580000, 0x0000000798000000, 0x00000007c0000000)
  eden space 33280K, 0% used [0x0000000795580000,0x0000000795580000,0x0000000797600000)
  from space 5120K, 99% used [0x0000000797600000,0x0000000797afccb0,0x0000000797b00000)
  to   space 5120K, 0% used [0x0000000797b00000,0x0000000797b00000,0x0000000798000000)
 ParOldGen       total 87552K, used 11599K [0x0000000740000000, 0x0000000745580000, 0x0000000795580000)
  object space 87552K, 13% used [0x0000000740000000,0x0000000740b53d18,0x0000000745580000)
 Metaspace       used 18603K, capacity 18751K, committed 18816K, reserved 1067008K
  class space    used 1860K, capacity 1918K, committed 1920K, reserved 1048576K
}

Deoptimization events (8 events):
Event: 1.471 Thread 0x00007f942333d000 Uncommon trap: reason=unstable_if action=reinterpret pc=0x000000010a493a80 method=java.lang.String.toLowerCase(Ljava/util/Locale;)Ljava/lang/String; @ 85
Event: 1.687 Thread 0x00007f9422afa800 Uncommon trap: reason=unstable_if action=reinterpret pc=0x000000010a537120 method=java.lang.String.indexOf([CII[CIII)I @ 3
Event: 1.687 Thread 0x00007f9422afa800 Uncommon trap: reason=unstable_if action=reinterpret pc=0x000000010a51c250 method=java.lang.String.indexOf([CII[CIII)I @ 3
Event: 1.687 Thread 0x00007f9422afa800 Uncommon trap: reason=unstable_if action=reinterpret pc=0x000000010a480898 method=java.lang.String.indexOf([CII[CIII)I @ 3
Event: 1.697 Thread 0x00007f9422afa800 Uncommon trap: reason=unstable_if action=reinterpret pc=0x000000010a52b8e0 method=java.lang.String.lastIndexOf([CII[CIII)I @ 118
Event: 2.472 Thread 0x00007f9423273000 Uncommon trap: reason=unstable_if action=reinterpret pc=0x000000010a4739d0 method=java.lang.AbstractStringBuilder.append(Ljava/lang/String;)Ljava/lang/AbstractStringBuilder; @ 1
Event: 8.187 Thread 0x00007f9423273000 Uncommon trap: reason=unstable_if action=reinterpret pc=0x000000010a795fe8 method=com.jogamp.common.util.VersionNumber.compareTo(Lcom/jogamp/common/util/VersionNumber;)I @ 21
Event: 8.228 Thread 0x00007f9423273000 Uncommon trap: reason=unstable_if action=reinterpret pc=0x000000010a976d54 method=java.security.AccessControlContext.optimize()Ljava/security/AccessControlContext; @ 233

Internal exceptions (10 events):
Event: 0.188 Thread 0x00007f9423802800 Exception <a 'java/lang/NoSuchFieldError': method resolution failed> (0x0000000795879e28) thrown at [/Users/java_re/workspace/8-2-build-macosx-x86_64/jdk8u71/5731/hotspot/src/share/vm/prims/methodHandles.cpp, line 1146]
Event: 0.189 Thread 0x00007f9423802800 Exception <a 'java/lang/NoSuchFieldError': method resolution failed> (0x00000007958875f8) thrown at [/Users/java_re/workspace/8-2-build-macosx-x86_64/jdk8u71/5731/hotspot/src/share/vm/prims/methodHandles.cpp, line 1146]
Event: 0.375 Thread 0x00007f9423802800 Exception <a 'java/io/FileNotFoundException'> (0x00000007959033a8) thrown at [/Users/java_re/workspace/8-2-build-macosx-x86_64/jdk8u71/5731/hotspot/src/share/vm/prims/jni.cpp, line 709]
Event: 0.376 Thread 0x00007f9423802800 Exception <a 'java/io/FileNotFoundException'> (0x0000000795903ef8) thrown at [/Users/java_re/workspace/8-2-build-macosx-x86_64/jdk8u71/5731/hotspot/src/share/vm/prims/jni.cpp, line 709]
Event: 0.494 Thread 0x00007f9423802800 Exception <a 'java/io/FileNotFoundException'> (0x0000000795ae8ee8) thrown at [/Users/java_re/workspace/8-2-build-macosx-x86_64/jdk8u71/5731/hotspot/src/share/vm/prims/jni.cpp, line 709]
Event: 1.715 Thread 0x00007f9422afa800 Exception <a 'java/lang/UnsatisfiedLinkError': com.jogamp.common.util.JarUtil.fixNativeLibAttribs(Ljava/lang/String;)Z> (0x0000000796c2b1e8) thrown at [/Users/java_re/workspace/8-2-build-macosx-x86_64/jdk8u71/5731/hotspot/src/share/vm/prims/nativeLookup.c
Event: 1.937 Thread 0x00007f942382f000 Exception <a 'java/lang/NullPointerException'> (0x00000007956a62f8) thrown at [/Users/java_re/workspace/8-2-build-macosx-x86_64/jdk8u71/5731/hotspot/src/share/vm/interpreter/linkResolver.cpp, line 1178]
Event: 2.472 Thread 0x00007f9423273000 Exception <a 'java/io/FileNotFoundException'> (0x00000007960c8618) thrown at [/Users/java_re/workspace/8-2-build-macosx-x86_64/jdk8u71/5731/hotspot/src/share/vm/prims/jni.cpp, line 709]
Event: 2.472 Thread 0x00007f9423273000 Exception <a 'java/io/FileNotFoundException'> (0x00000007960cfb50) thrown at [/Users/java_re/workspace/8-2-build-macosx-x86_64/jdk8u71/5731/hotspot/src/share/vm/prims/jni.cpp, line 709]
Event: 2.472 Thread 0x00007f9423273000 Implicit null exception at 0x000000010a473633 to 0x000000010a4739bd

Events (10 events):
Event: 8.228 Thread 0x00007f9423273000 DEOPT UNPACKING pc=0x000000010a2cc229 sp=0x000000017509b880 mode 2
Event: 8.228 loading class java/awt/LightweightDispatcher$2
Event: 8.228 loading class java/awt/LightweightDispatcher$2 done
Event: 8.228 loading class java/awt/event/AWTEventListenerProxy
Event: 8.228 loading class java/awt/event/AWTEventListenerProxy done
Event: 8.228 loading class java/awt/Toolkit$ToolkitEventMulticaster
Event: 8.228 loading class java/awt/Toolkit$ToolkitEventMulticaster done
Event: 8.228 Thread 0x00007f942393e800 Thread exited: 0x00007f942393e800
Event: 8.228 loading class java/awt/Window$1DisposeAction
Event: 8.228 loading class java/awt/Window$1DisposeAction done


Dynamic libraries:
0x0000000008394000 	/System/Library/Frameworks/Cocoa.framework/Versions/A/Cocoa
0x0000000008394000 	/System/Library/Frameworks/Security.framework/Versions/A/Security
0x0000000008394000 	/System/Library/Frameworks/ApplicationServices.framework/Versions/A/ApplicationServices
0x0000000008394000 	/usr/lib/libz.1.dylib
0x0000000008394000 	/usr/lib/libSystem.B.dylib
0x0000000008394000 	/usr/lib/libobjc.A.dylib
0x0000000008394000 	/System/Library/Frameworks/CoreFoundation.framework/Versions/A/CoreFoundation
0x0000000008394000 	/System/Library/Frameworks/Foundation.framework/Versions/C/Foundation
0x0000000008394000 	/System/Library/Frameworks/AppKit.framework/Versions/C/AppKit
0x0000000008394000 	/System/Library/Frameworks/CoreData.framework/Versions/A/CoreData
0x0000000008394000 	/System/Library/PrivateFrameworks/RemoteViewServices.framework/Versions/A/RemoteViewServices
0x0000000008394000 	/System/Library/PrivateFrameworks/UIFoundation.framework/Versions/A/UIFoundation
0x0000000008394000 	/System/Library/Frameworks/IOSurface.framework/Versions/A/IOSurface
0x0000000008394000 	/System/Library/Frameworks/AudioToolbox.framework/Versions/A/AudioToolbox
0x0000000008394000 	/System/Library/Frameworks/AudioUnit.framework/Versions/A/AudioUnit
0x0000000008394000 	/System/Library/PrivateFrameworks/DataDetectorsCore.framework/Versions/A/DataDetectorsCore
0x0000000008394000 	/System/Library/PrivateFrameworks/DesktopServicesPriv.framework/Versions/A/DesktopServicesPriv
0x0000000008394000 	/System/Library/Frameworks/Carbon.framework/Versions/A/Frameworks/HIToolbox.framework/Versions/A/HIToolbox
0x0000000008394000 	/System/Library/Frameworks/QuartzCore.framework/Versions/A/QuartzCore
0x0000000008394000 	/System/Library/Frameworks/Carbon.framework/Versions/A/Frameworks/SpeechRecognition.framework/Versions/A/SpeechRecognition
0x0000000008394000 	/usr/lib/libauto.dylib
0x0000000008394000 	/usr/lib/libicucore.A.dylib
0x0000000008394000 	/usr/lib/libxml2.2.dylib
0x0000000008394000 	/System/Library/PrivateFrameworks/CoreUI.framework/Versions/A/CoreUI
0x0000000008394000 	/System/Library/Frameworks/CoreAudio.framework/Versions/A/CoreAudio
0x0000000008394000 	/System/Library/Frameworks/DiskArbitration.framework/Versions/A/DiskArbitration
0x0000000008394000 	/usr/lib/liblangid.dylib
0x0000000008394000 	/System/Library/PrivateFrameworks/MultitouchSupport.framework/Versions/A/MultitouchSupport
0x0000000008394000 	/System/Library/Frameworks/IOKit.framework/Versions/A/IOKit
0x0000000008394000 	/usr/lib/libDiagnosticMessagesClient.dylib
0x0000000008394000 	/System/Library/Frameworks/CoreServices.framework/Versions/A/CoreServices
0x0000000008394000 	/System/Library/PrivateFrameworks/PerformanceAnalysis.framework/Versions/A/PerformanceAnalysis
0x0000000008394000 	/System/Library/PrivateFrameworks/GenerationalStorage.framework/Versions/A/GenerationalStorage
0x0000000008394000 	/System/Library/Frameworks/OpenGL.framework/Versions/A/OpenGL
0x0000000008394000 	/System/Library/PrivateFrameworks/Sharing.framework/Versions/A/Sharing
0x0000000008394000 	/System/Library/Frameworks/CoreGraphics.framework/Versions/A/CoreGraphics
0x0000000008394000 	/System/Library/Frameworks/CoreText.framework/Versions/A/CoreText
0x0000000008394000 	/System/Library/Frameworks/ImageIO.framework/Versions/A/ImageIO
0x0000000008394000 	/usr/lib/libextension.dylib
0x0000000008394000 	/System/Library/PrivateFrameworks/Backup.framework/Versions/A/Backup
0x0000000008394000 	/usr/lib/libarchive.2.dylib
0x0000000008394000 	/System/Library/Frameworks/CFNetwork.framework/Versions/A/CFNetwork
0x0000000008394000 	/System/Library/Frameworks/SystemConfiguration.framework/Versions/A/SystemConfiguration
0x0000000008394000 	/usr/lib/libCRFSuite.dylib
0x0000000008394000 	/usr/lib/libc++.1.dylib
0x0000000008394000 	/usr/lib/libc++abi.dylib
0x0000000008394000 	/usr/lib/system/libcache.dylib
0x0000000008394000 	/usr/lib/system/libcommonCrypto.dylib
0x0000000008394000 	/usr/lib/system/libcompiler_rt.dylib
0x0000000008394000 	/usr/lib/system/libcopyfile.dylib
0x0000000008394000 	/usr/lib/system/libcorecrypto.dylib
0x0000000008394000 	/usr/lib/system/libdispatch.dylib
0x0000000008394000 	/usr/lib/system/libdyld.dylib
0x0000000008394000 	/usr/lib/system/libkeymgr.dylib
0x0000000008394000 	/usr/lib/system/liblaunch.dylib
0x0000000008394000 	/usr/lib/system/libmacho.dylib
0x0000000008394000 	/usr/lib/system/libquarantine.dylib
0x0000000008394000 	/usr/lib/system/libremovefile.dylib
0x0000000008394000 	/usr/lib/system/libsystem_asl.dylib
0x0000000008394000 	/usr/lib/system/libsystem_blocks.dylib
0x0000000008394000 	/usr/lib/system/libsystem_c.dylib
0x0000000008394000 	/usr/lib/system/libsystem_configuration.dylib
0x0000000008394000 	/usr/lib/system/libsystem_coreservices.dylib
0x0000000008394000 	/usr/lib/system/libsystem_coretls.dylib
0x0000000008394000 	/usr/lib/system/libsystem_dnssd.dylib
0x0000000008394000 	/usr/lib/system/libsystem_info.dylib
0x0000000008394000 	/usr/lib/system/libsystem_kernel.dylib
0x0000000008394000 	/usr/lib/system/libsystem_m.dylib
0x0000000008394000 	/usr/lib/system/libsystem_malloc.dylib
0x0000000008394000 	/usr/lib/system/libsystem_network.dylib
0x0000000008394000 	/usr/lib/system/libsystem_networkextension.dylib
0x0000000008394000 	/usr/lib/system/libsystem_notify.dylib
0x0000000008394000 	/usr/lib/system/libsystem_platform.dylib
0x0000000008394000 	/usr/lib/system/libsystem_pthread.dylib
0x0000000008394000 	/usr/lib/system/libsystem_sandbox.dylib
0x0000000008394000 	/usr/lib/system/libsystem_secinit.dylib
0x0000000008394000 	/usr/lib/system/libsystem_stats.dylib
0x0000000008394000 	/usr/lib/system/libsystem_trace.dylib
0x0000000008394000 	/usr/lib/system/libunc.dylib
0x0000000008394000 	/usr/lib/system/libunwind.dylib
0x0000000008394000 	/usr/lib/system/libxpc.dylib
0x0000000008394000 	/usr/lib/libbz2.1.0.dylib
0x0000000008394000 	/usr/lib/liblzma.5.dylib
0x0000000008394000 	/usr/lib/libbsm.0.dylib
0x0000000008394000 	/usr/lib/libsqlite3.dylib
0x0000000008394000 	/usr/lib/system/libkxld.dylib
0x0000000008394000 	/usr/lib/libxar.1.dylib
0x0000000008394000 	/usr/lib/libpam.2.dylib
0x0000000008394000 	/usr/lib/libOpenScriptingUtil.dylib
0x0000000008394000 	/System/Library/Frameworks/CoreServices.framework/Versions/A/Frameworks/FSEvents.framework/Versions/A/FSEvents
0x0000000008394000 	/System/Library/Frameworks/CoreServices.framework/Versions/A/Frameworks/CarbonCore.framework/Versions/A/CarbonCore
0x0000000008394000 	/System/Library/Frameworks/CoreServices.framework/Versions/A/Frameworks/Metadata.framework/Versions/A/Metadata
0x0000000008394000 	/System/Library/Frameworks/CoreServices.framework/Versions/A/Frameworks/OSServices.framework/Versions/A/OSServices
0x0000000008394000 	/System/Library/Frameworks/CoreServices.framework/Versions/A/Frameworks/SearchKit.framework/Versions/A/SearchKit
0x0000000008394000 	/System/Library/Frameworks/CoreServices.framework/Versions/A/Frameworks/AE.framework/Versions/A/AE
0x0000000008394000 	/System/Library/Frameworks/CoreServices.framework/Versions/A/Frameworks/LaunchServices.framework/Versions/A/LaunchServices
0x0000000008394000 	/System/Library/Frameworks/CoreServices.framework/Versions/A/Frameworks/DictionaryServices.framework/Versions/A/DictionaryServices
0x0000000008394000 	/System/Library/Frameworks/NetFS.framework/Versions/A/NetFS
0x0000000008394000 	/System/Library/PrivateFrameworks/NetAuth.framework/Versions/A/NetAuth
0x0000000008394000 	/System/Library/PrivateFrameworks/login.framework/Versions/A/Frameworks/loginsupport.framework/Versions/A/loginsupport
0x0000000008394000 	/System/Library/PrivateFrameworks/TCC.framework/Versions/A/TCC
0x0000000008394000 	/usr/lib/libmecabra.dylib
0x0000000008394000 	/System/Library/Frameworks/ApplicationServices.framework/Versions/A/Frameworks/ATS.framework/Versions/A/ATS
0x0000000008394000 	/System/Library/Frameworks/ApplicationServices.framework/Versions/A/Frameworks/ColorSync.framework/Versions/A/ColorSync
0x0000000008394000 	/System/Library/Frameworks/ApplicationServices.framework/Versions/A/Frameworks/HIServices.framework/Versions/A/HIServices
0x0000000008394000 	/System/Library/Frameworks/ApplicationServices.framework/Versions/A/Frameworks/LangAnalysis.framework/Versions/A/LangAnalysis
0x0000000008394000 	/System/Library/Frameworks/ApplicationServices.framework/Versions/A/Frameworks/PrintCore.framework/Versions/A/PrintCore
0x0000000008394000 	/System/Library/Frameworks/ApplicationServices.framework/Versions/A/Frameworks/QD.framework/Versions/A/QD
0x0000000008394000 	/System/Library/Frameworks/ApplicationServices.framework/Versions/A/Frameworks/SpeechSynthesis.framework/Versions/A/SpeechSynthesis
0x0000000008394000 	/System/Library/Frameworks/Accelerate.framework/Versions/A/Accelerate
0x0000000008394000 	/System/Library/Frameworks/Accelerate.framework/Versions/A/Frameworks/vImage.framework/Versions/A/vImage
0x0000000008394000 	/System/Library/Frameworks/Accelerate.framework/Versions/A/Frameworks/vecLib.framework/Versions/A/vecLib
0x0000000008394000 	/System/Library/Frameworks/Accelerate.framework/Versions/A/Frameworks/vecLib.framework/Versions/A/libvDSP.dylib
0x0000000008394000 	/System/Library/Frameworks/Accelerate.framework/Versions/A/Frameworks/vecLib.framework/Versions/A/libvMisc.dylib
0x0000000008394000 	/System/Library/Frameworks/Accelerate.framework/Versions/A/Frameworks/vecLib.framework/Versions/A/libLAPACK.dylib
0x0000000008394000 	/System/Library/Frameworks/Accelerate.framework/Versions/A/Frameworks/vecLib.framework/Versions/A/libBLAS.dylib
0x0000000008394000 	/System/Library/Frameworks/Accelerate.framework/Versions/A/Frameworks/vecLib.framework/Versions/A/libLinearAlgebra.dylib
0x0000000008394000 	/System/Library/Frameworks/ApplicationServices.framework/Versions/A/Frameworks/ATS.framework/Versions/A/Resources/libFontParser.dylib
0x0000000008394000 	/System/Library/Frameworks/ApplicationServices.framework/Versions/A/Frameworks/ATS.framework/Versions/A/Resources/libFontRegistry.dylib
0x0000000008394000 	/System/Library/PrivateFrameworks/AppleVPA.framework/Versions/A/AppleVPA
0x0000000008394000 	/System/Library/PrivateFrameworks/AppleJPEG.framework/Versions/A/AppleJPEG
0x0000000008394000 	/System/Library/Frameworks/ImageIO.framework/Versions/A/Resources/libJPEG.dylib
0x0000000008394000 	/System/Library/Frameworks/ImageIO.framework/Versions/A/Resources/libTIFF.dylib
0x0000000008394000 	/System/Library/Frameworks/ImageIO.framework/Versions/A/Resources/libPng.dylib
0x0000000008394000 	/System/Library/Frameworks/ImageIO.framework/Versions/A/Resources/libGIF.dylib
0x0000000008394000 	/System/Library/Frameworks/ImageIO.framework/Versions/A/Resources/libJP2.dylib
0x0000000008394000 	/System/Library/Frameworks/ImageIO.framework/Versions/A/Resources/libRadiance.dylib
0x0000000008394000 	/System/Library/Frameworks/CoreVideo.framework/Versions/A/CoreVideo
0x0000000008394000 	/System/Library/Frameworks/OpenGL.framework/Versions/A/Libraries/libGLU.dylib
0x0000000008394000 	/System/Library/Frameworks/OpenGL.framework/Versions/A/Libraries/libGFXShared.dylib
0x0000000008394000 	/System/Library/Frameworks/OpenGL.framework/Versions/A/Libraries/libGL.dylib
0x0000000008394000 	/System/Library/Frameworks/OpenGL.framework/Versions/A/Libraries/libGLImage.dylib
0x0000000008394000 	/System/Library/Frameworks/OpenGL.framework/Versions/A/Libraries/libCVMSPluginSupport.dylib
0x0000000008394000 	/System/Library/Frameworks/OpenGL.framework/Versions/A/Libraries/libCoreVMClient.dylib
0x0000000008394000 	/usr/lib/libcups.2.dylib
0x0000000008394000 	/System/Library/Frameworks/Kerberos.framework/Versions/A/Kerberos
0x0000000008394000 	/System/Library/Frameworks/GSS.framework/Versions/A/GSS
0x0000000008394000 	/usr/lib/libresolv.9.dylib
0x0000000008394000 	/usr/lib/libiconv.2.dylib
0x0000000008394000 	/System/Library/PrivateFrameworks/Heimdal.framework/Versions/A/Heimdal
0x0000000008394000 	/usr/lib/libheimdal-asn1.dylib
0x0000000008394000 	/System/Library/Frameworks/OpenDirectory.framework/Versions/A/OpenDirectory
0x0000000008394000 	/System/Library/PrivateFrameworks/CommonAuth.framework/Versions/A/CommonAuth
0x0000000008394000 	/System/Library/Frameworks/OpenDirectory.framework/Versions/A/Frameworks/CFOpenDirectory.framework/Versions/A/CFOpenDirectory
0x0000000008394000 	/System/Library/Frameworks/SecurityFoundation.framework/Versions/A/SecurityFoundation
0x0000000008394000 	/System/Library/PrivateFrameworks/LanguageModeling.framework/Versions/A/LanguageModeling
0x0000000008394000 	/usr/lib/libcmph.dylib
0x0000000008394000 	/System/Library/Frameworks/ServiceManagement.framework/Versions/A/ServiceManagement
0x0000000008394000 	/usr/lib/libxslt.1.dylib
0x0000000008394000 	/System/Library/Frameworks/Carbon.framework/Versions/A/Frameworks/Ink.framework/Versions/A/Ink
0x0000000008394000 	/System/Library/Frameworks/QuartzCore.framework/Versions/A/Frameworks/CoreImage.framework/Versions/A/CoreImage
0x0000000008394000 	/System/Library/PrivateFrameworks/CrashReporterSupport.framework/Versions/A/CrashReporterSupport
0x0000000008394000 	/System/Library/Frameworks/OpenCL.framework/Versions/A/OpenCL
0x0000000008394000 	/System/Library/PrivateFrameworks/FaceCore.framework/Versions/A/FaceCore
0x0000000008394000 	/System/Library/PrivateFrameworks/Ubiquity.framework/Versions/A/Ubiquity
0x0000000008394000 	/System/Library/PrivateFrameworks/IconServices.framework/Versions/A/IconServices
0x0000000008394000 	/System/Library/PrivateFrameworks/ChunkingLibrary.framework/Versions/A/ChunkingLibrary
0x0000000008394000 	/System/Library/PrivateFrameworks/Apple80211.framework/Versions/A/Apple80211
0x0000000008394000 	/System/Library/Frameworks/CoreWLAN.framework/Versions/A/CoreWLAN
0x0000000008394000 	/System/Library/Frameworks/IOBluetooth.framework/Versions/A/IOBluetooth
0x0000000008394000 	/System/Library/PrivateFrameworks/CoreWiFi.framework/Versions/A/CoreWiFi
0x0000000008394000 	/System/Library/Frameworks/CoreBluetooth.framework/Versions/A/CoreBluetooth
0x0000000008394000 	/System/Library/PrivateFrameworks/DebugSymbols.framework/Versions/A/DebugSymbols
0x0000000008394000 	/System/Library/PrivateFrameworks/CoreSymbolication.framework/Versions/A/CoreSymbolication
0x0000000008394000 	/System/Library/PrivateFrameworks/Symbolication.framework/Versions/A/Symbolication
0x0000000008394000 	/System/Library/PrivateFrameworks/SpeechRecognitionCore.framework/Versions/A/SpeechRecognitionCore
0x0000000109200000 	/Library/Java/JavaVirtualMachines/jdk1.8.0_71.jdk/Contents/Home/jre/lib/server/libjvm.dylib
0x0000000008394000 	/usr/lib/libstdc++.6.dylib
0x00000001089c7000 	/Library/Java/JavaVirtualMachines/jdk1.8.0_71.jdk/Contents/Home/jre/lib/libverify.dylib
0x000000010a292000 	/Library/Java/JavaVirtualMachines/jdk1.8.0_71.jdk/Contents/Home/jre/lib/libjava.dylib
0x00000001089df000 	/Library/Java/JavaVirtualMachines/jdk1.8.0_71.jdk/Contents/Home/jre/lib/libzip.dylib
0x000000012033e000 	/System/Library/Frameworks/JavaVM.framework/Frameworks/JavaRuntimeSupport.framework/JavaRuntimeSupport
0x00000001089e9000 	/System/Library/Frameworks/JavaVM.framework/Versions/A/Frameworks/JavaNativeFoundation.framework/Versions/A/JavaNativeFoundation
0x0000000120356000 	/System/Library/Frameworks/JavaVM.framework/Versions/A/JavaVM
0x0000000008394000 	/System/Library/Frameworks/Carbon.framework/Versions/A/Carbon
0x0000000120363000 	/System/Library/PrivateFrameworks/JavaLaunching.framework/Versions/A/JavaLaunching
0x0000000008394000 	/System/Library/Frameworks/Carbon.framework/Versions/A/Frameworks/CommonPanels.framework/Versions/A/CommonPanels
0x0000000008394000 	/System/Library/Frameworks/Carbon.framework/Versions/A/Frameworks/Help.framework/Versions/A/Help
0x0000000008394000 	/System/Library/Frameworks/Carbon.framework/Versions/A/Frameworks/ImageCapture.framework/Versions/A/ImageCapture
0x0000000008394000 	/System/Library/Frameworks/Carbon.framework/Versions/A/Frameworks/OpenScripting.framework/Versions/A/OpenScripting
0x0000000008394000 	/System/Library/Frameworks/Carbon.framework/Versions/A/Frameworks/Print.framework/Versions/A/Print
0x0000000008394000 	/System/Library/Frameworks/Carbon.framework/Versions/A/Frameworks/SecurityHI.framework/Versions/A/SecurityHI
0x0000000122214000 	/Library/Java/JavaVirtualMachines/jdk1.8.0_71.jdk/Contents/Home/jre/lib/libawt.dylib
0x00000001222bc000 	/Library/Java/JavaVirtualMachines/jdk1.8.0_71.jdk/Contents/Home/jre/lib/./libmlib_image.dylib
0x0000000122388000 	/Library/Java/JavaVirtualMachines/jdk1.8.0_71.jdk/Contents/Home/jre/lib/libawt_lwawt.dylib
0x000000012243d000 	/Library/Java/JavaVirtualMachines/jdk1.8.0_71.jdk/Contents/Home/jre/lib/./libosxapp.dylib
0x0000000008394000 	/System/Library/Frameworks/ExceptionHandling.framework/Versions/A/ExceptionHandling
0x0000000008394000 	/System/Library/PrivateFrameworks/CoreServicesInternal.framework/Versions/A/CoreServicesInternal
0x0000000008394000 	/System/Library/PrivateFrameworks/CloudDocs.framework/Versions/A/CloudDocs
0x0000000008394000 	/System/Library/PrivateFrameworks/CoreDuet.framework/Versions/A/CoreDuet
0x0000000008394000 	/System/Library/Frameworks/CloudKit.framework/Versions/A/CloudKit
0x0000000008394000 	/System/Library/PrivateFrameworks/ProtocolBuffer.framework/Versions/A/ProtocolBuffer
0x0000000008394000 	/System/Library/PrivateFrameworks/CoreDuetDaemonProtocol.framework/Versions/A/CoreDuetDaemonProtocol
0x0000000008394000 	/System/Library/PrivateFrameworks/CoreDuetDebugLogging.framework/Versions/A/CoreDuetDebugLogging
0x0000000008394000 	/System/Library/PrivateFrameworks/MMCS.framework/Versions/A/MMCS
0x0000000008394000 	/System/Library/Frameworks/CoreLocation.framework/Versions/A/CoreLocation
0x0000000008394000 	/System/Library/PrivateFrameworks/ProtectedCloudStorage.framework/Versions/A/ProtectedCloudStorage
0x0000000008394000 	/System/Library/PrivateFrameworks/GeoServices.framework/Versions/A/GeoServices
0x0000000008394000 	/System/Library/Frameworks/CoreGraphics.framework/Versions/A/Resources/libCGCMS.A.dylib
0x0000000008394000 	/System/Library/Frameworks/CoreGraphics.framework/Versions/A/Resources/libRIP.A.dylib
0x0000000008394000 	/System/Library/Frameworks/CoreGraphics.framework/Versions/A/Resources/libCGXType.A.dylib
0x0000000008394000 	/System/Library/Frameworks/OpenCL.framework/Versions/A/Libraries/libcldcpuengine.dylib
0x0000000008394000 	/System/Library/PrivateFrameworks/DiskImages.framework/Versions/A/DiskImages
0x0000000008394000 	/System/Library/Frameworks/DiscRecording.framework/Versions/A/DiscRecording
0x0000000008394000 	/usr/lib/libcsfde.dylib
0x0000000008394000 	/usr/lib/libcurl.4.dylib
0x0000000008394000 	/System/Library/PrivateFrameworks/MediaKit.framework/Versions/A/MediaKit
0x0000000008394000 	/usr/lib/libCoreStorage.dylib
0x0000000008394000 	/System/Library/PrivateFrameworks/EFILogin.framework/Versions/A/EFILogin
0x0000000008394000 	/usr/lib/libutil.dylib
0x0000000008394000 	/System/Library/PrivateFrameworks/FindMyDevice.framework/Versions/A/FindMyDevice
0x0000000008394000 	/System/Library/Frameworks/LDAP.framework/Versions/A/LDAP
0x0000000008394000 	/usr/lib/libsasl2.2.dylib
0x0000000008394000 	/System/Library/PrivateFrameworks/CoreDaemon.framework/Versions/B/CoreDaemon
0x0000000008394000 	/usr/lib/libcrypto.0.9.8.dylib
0x0000000008394000 	/System/Library/PrivateFrameworks/AppleSRP.framework/Versions/A/AppleSRP
0x0000000008394000 	/System/Library/PrivateFrameworks/TrustEvaluationAgent.framework/Versions/A/TrustEvaluationAgent
0x00000001256fe000 	cl_kernels
0x0000000125700000 	/System/Library/Frameworks/OpenCL.framework/Versions/A/Libraries/ImageFormats/unorm8_bgra.dylib
0x00000001256f0000 	cl_kernels
0x0000000008394000 	/System/Library/PrivateFrameworks/FamilyControls.framework/Versions/A/FamilyControls
0x0000000008394000 	/System/Library/PrivateFrameworks/CommerceKit.framework/Versions/A/Frameworks/CommerceCore.framework/Versions/A/CommerceCore
0x0000000008394000 	/System/Library/PrivateFrameworks/SystemAdministration.framework/Versions/A/SystemAdministration
0x0000000008394000 	/System/Library/PrivateFrameworks/AppContainer.framework/Versions/A/AppContainer
0x0000000008394000 	/System/Library/PrivateFrameworks/SecCodeWrapper.framework/Versions/A/SecCodeWrapper
0x0000000008394000 	/System/Library/Frameworks/DirectoryService.framework/Versions/A/DirectoryService
0x0000000008394000 	/System/Library/PrivateFrameworks/LoginUIKit.framework/Versions/A/Frameworks/LoginUICore.framework/Versions/A/LoginUICore
0x0000000008394000 	/usr/lib/libodfde.dylib
0x0000000008394000 	/System/Library/Frameworks/OpenGL.framework/Versions/A/Resources/GLEngine.bundle/GLEngine
0x0000000008394000 	/System/Library/Frameworks/OpenGL.framework/Versions/A/Libraries/libGLProgrammability.dylib
0x0000000126a94000 	/System/Library/Extensions/AppleIntelHD5000GraphicsGLDriver.bundle/Contents/MacOS/AppleIntelHD5000GraphicsGLDriver
0x0000000008394000 	/System/Library/PrivateFrameworks/IOAccelerator.framework/Versions/A/IOAccelerator
0x0000000008394000 	/System/Library/PrivateFrameworks/GPUSupport.framework/Versions/A/Libraries/libGPUSupportMercury.dylib
0x0000000008394000 	/System/Library/Frameworks/OpenGL.framework/Versions/A/Resources/GLRendererFloat.bundle/GLRendererFloat
0x0000000127ad6000 	/Library/Java/JavaVirtualMachines/jdk1.8.0_71.jdk/Contents/Home/jre/lib/libfontmanager.dylib
0x0000000128e20000 	/Library/Java/JavaVirtualMachines/jdk1.8.0_71.jdk/Contents/Home/jre/lib/libosxui.dylib
0x00000001290c2000 	/Library/Java/JavaVirtualMachines/jdk1.8.0_71.jdk/Contents/Home/jre/lib/libnet.dylib
0x0000000128e73000 	/Library/Java/JavaVirtualMachines/jdk1.8.0_71.jdk/Contents/Home/jre/lib/libnio.dylib
0x0000000008394000 	/System/Library/Frameworks/ApplicationServices.framework/Versions/A/Frameworks/ATS.framework/Versions/A/Resources/libTrueTypeScaler.dylib
0x000000017461f000 	/private/var/folders/nd/04sy8tm10pndhyqtb5gnkm_c0000gn/T/jogamp_0000/file_cache/jln467255583480983703/jln6229131107345046007/libgluegen-rt.jnilib
0x0000000174624000 	/private/var/folders/nd/04sy8tm10pndhyqtb5gnkm_c0000gn/T/jogamp_0000/file_cache/jln467255583480983703/jln6229131107345046007/libnativewindow_awt.jnilib
0x0000000174627000 	/Library/Java/JavaVirtualMachines/jdk1.8.0_71.jdk/Contents/Home/jre/lib/libjawt.dylib
0x000000017462a000 	/private/var/folders/nd/04sy8tm10pndhyqtb5gnkm_c0000gn/T/jogamp_0000/file_cache/jln467255583480983703/jln6229131107345046007/libnativewindow_macosx.jnilib
0x00000001784a7000 	/private/var/folders/nd/04sy8tm10pndhyqtb5gnkm_c0000gn/T/jogamp_0000/file_cache/jln467255583480983703/jln6229131107345046007/libjogl_desktop.jnilib
0x000000017cc94000 	/Library/Java/JavaVirtualMachines/jdk1.8.0_71.jdk/Contents/Home/jre/lib/libjpeg.dylib

VM Arguments:
jvm_args: -Djava.security.policy=java.policy.applet -Dfile.encoding=UTF-8 
java_command: sun.applet.AppletViewer module1.HelloWorld1453570271797.html
java_class_path (initial): /Users/matthew/Documents/workspace/UCSDUnfoldingMaps/build:/Users/matthew/Documents/workspace/UCSDUnfoldingMaps/lib/core.jar:/Users/matthew/Documents/workspace/UCSDUnfoldingMaps/lib/gluegen-rt.jar:/Users/matthew/Documents/workspace/UCSDUnfoldingMaps/lib/jogl-all.jar:/Users/matthew/Documents/workspace/UCSDUnfoldingMaps/lib/log4j-1.2.15.jar:/Users/matthew/Documents/workspace/UCSDUnfoldingMaps/lib/sqlite-jdbc-3.7.2.jar:/Users/matthew/Documents/workspace/UCSDUnfoldingMaps/lib/json4processing.jar:/Users/matthew/Documents/workspace/UCSDUnfoldingMaps/lib/libTUIO.jar:/Users/matthew/Documents/workspace/UCSDUnfoldingMaps/lib/unfolding.0.9.7-uscd.jar
Launcher Type: SUN_STANDARD

Environment Variables:
PATH=/usr/bin:/bin:/usr/sbin:/sbin
SHELL=/bin/bash

Signal Handlers:
SIGSEGV: [libjvm.dylib+0x5a68c5], sa_mask[0]=11111111011111110111111111111111, sa_flags=SA_ONSTACK|SA_RESTART|SA_SIGINFO
SIGBUS: [libjvm.dylib+0x5a68c5], sa_mask[0]=11111111011111110111111111111111, sa_flags=SA_RESTART|SA_SIGINFO
SIGFPE: [libjvm.dylib+0x4805d4], sa_mask[0]=11111111011111110111111111111111, sa_flags=SA_RESTART|SA_SIGINFO
SIGPIPE: [libjvm.dylib+0x4805d4], sa_mask[0]=11111111011111110111111111111111, sa_flags=SA_RESTART|SA_SIGINFO
SIGXFSZ: [libjvm.dylib+0x4805d4], sa_mask[0]=11111111011111110111111111111111, sa_flags=SA_RESTART|SA_SIGINFO
SIGILL: [libjvm.dylib+0x4805d4], sa_mask[0]=11111111011111110111111111111111, sa_flags=SA_RESTART|SA_SIGINFO
SIGUSR1: SIG_DFL, sa_mask[0]=00000000000000000000000000000000, sa_flags=none
SIGUSR2: [libjvm.dylib+0x4800f2], sa_mask[0]=00100000000000000000000000000000, sa_flags=SA_RESTART|SA_SIGINFO
SIGHUP: [libjvm.dylib+0x47e6c9], sa_mask[0]=11111111011111110111111111111111, sa_flags=SA_RESTART|SA_SIGINFO
SIGINT: [libjvm.dylib+0x47e6c9], sa_mask[0]=11111111011111110111111111111111, sa_flags=SA_RESTART|SA_SIGINFO
SIGTERM: [libjvm.dylib+0x47e6c9], sa_mask[0]=11111111011111110111111111111111, sa_flags=SA_RESTART|SA_SIGINFO
SIGQUIT: [libjvm.dylib+0x47e6c9], sa_mask[0]=11111111011111110111111111111111, sa_flags=SA_RESTART|SA_SIGINFO


---------------  S Y S T E M  ---------------

OS:Bsduname:Darwin 14.5.0 Darwin Kernel Version 14.5.0: Tue Sep  1 21:23:09 PDT 2015; root:xnu-2782.50.1~1/RELEASE_X86_64 x86_64
rlimit: STACK 8192k, CORE 0k, NPROC 709, NOFILE 10240, AS infinity
load average:1.69 2.19 1.24

CPU:total 4 (2 cores per cpu, 2 threads per core) family 6 model 69 stepping 1, cmov, cx8, fxsr, mmx, sse, sse2, sse3, ssse3, sse4.1, sse4.2, popcnt, avx, avx2, aes, clmul, erms, lzcnt, ht, tsc, tscinvbit, bmi1, bmi2

Memory: 4k page, physical 8388608k(3691276k free)

/proc/meminfo:


vm_info: Java HotSpot(TM) 64-Bit Server VM (25.71-b15) for bsd-amd64 JRE (1.8.0_71-b15), built on Dec 22 2015 15:11:44 by "java_re" with gcc 4.2.1 (Based on Apple Inc. build 5658) (LLVM build 2336.11.00)

time: Sat Jan 23 12:31:20 2016
elapsed time: 8 seconds (0d 0h 0m 8s)

