#
# A fatal error has been detected by the Java Runtime Environment:
#
#  SIGSEGV (0xb) at pc=0x00007fff8e2cf0dd, pid=1908, tid=1811
#
# JRE version: Java(TM) SE Runtime Environment (8.0_71-b15) (build 1.8.0_71-b15)
# Java VM: Java HotSpot(TM) 64-Bit Server VM (25.71-b15 mixed mode bsd-amd64 compressed oops)
# Problematic frame:
# C  [libobjc.A.dylib+0x10dd]  objc_msgSend+0x1d
#
# Failed to write core dump. Core dumps have been disabled. To enable core dumping, try "ulimit -c unlimited" before starting Java again
#
# If you would like to submit a bug report, please visit:
#   http://bugreport.java.com/bugreport/crash.jsp
# The crash happened outside the Java Virtual Machine in native code.
# See problematic frame for where to report the bug.
#

---------------  T H R E A D  ---------------

Current thread (0x00007fed1c0fa000):  JavaThread "AWT-AppKit" daemon [_thread_in_native, id=1811, stack(0x00007fff5cbb3000,0x00007fff5d3b3000)]

siginfo: si_signo: 11 (SIGSEGV), si_code: 1 (SEGV_MAPERR), si_addr: 0x0000000000000018

Registers:
RAX=0x00007fed1e637190, RBX=0x000000016e868450, RCX=0x0000000121e9ef00, RDX=0x0000000125055a60
RSP=0x00007fff5d3ae428, RBP=0x00007fff5d3ae4e0, RSI=0x00007fff9bb4840f, RDI=0x00007fed1fc0b960
R8 =0x0000000000000000, R9 =0x0000000000000f50, R10=0x00007fff9bb4840f, R11=0x0000000000000000
R12=0x0000000000000000, R13=0x00000001727d6608, R14=0x000000016e868440, R15=0x00007fed1c0fa000
RIP=0x00007fff8e2cf0dd, EFLAGS=0x0000000000010246, ERR=0x0000000000000004
  TRAPNO=0x000000000000000e

Top of Stack: (sp=0x00007fff5d3ae428)
0x00007fff5d3ae428:   000000016e866157 00007fff5d3ae480
0x00007fff5d3ae438:   0000000000000003 00007fff5d3ae460
0x00007fff5d3ae448:   0000000102b3cd66 00000001727d6608
0x00007fff5d3ae458:   00000001727d6608 00007fed1e637190
0x00007fff5d3ae468:   000000016e8686a0 000000016e868710
0x00007fff5d3ae478:   00007fff7d854550 00007fff7ea34c80
0x00007fff5d3ae488:   000000016e868450 000000016e868690
0x00007fff5d3ae498:   00007fed1e637190 00007fed1fc0b960
0x00007fff5d3ae4a8:   00007fed1bc61c20 00007fed1e637190
0x00007fff5d3ae4b8:   00007fed1fc0b960 00007fff5d3ae568
0x00007fff5d3ae4c8:   00007fed1c0fa1f8 00000001727d6608
0x00007fff5d3ae4d8:   00007fff5d3ae590 00007fff5d3ae558
0x00007fff5d3ae4e8:   0000000104261954 00000001727d6608
0x00007fff5d3ae4f8:   00007fff5d3ae590 00007fff5d3ae558
0x00007fff5d3ae508:   00000001042616e7 00000001042616a2
0x00007fff5d3ae518:   00007fff5d3ae518 00000001727d6608
0x00007fff5d3ae528:   00007fff5d3ae590 00000001727d9240
0x00007fff5d3ae538:   0000000000000000 00000001727d6608
0x00007fff5d3ae548:   0000000000000000 00007fff5d3ae578
0x00007fff5d3ae558:   00007fff5d3ae5d8 0000000104253c4d
0x00007fff5d3ae568:   0000000741650358 000000010425b578
0x00007fff5d3ae578:   00007fed1e637190 00007fff5d3ae5d8
0x00007fff5d3ae588:   00007fed1fc0b960 000000010425cd82
0x00007fff5d3ae598:   00007fff5d3ae598 00000001727d67d2
0x00007fff5d3ae5a8:   00007fff5d3ae600 00000001727d9240
0x00007fff5d3ae5b8:   0000000000000000 00000001727d67e0
0x00007fff5d3ae5c8:   00007fff5d3ae578 00007fff5d3ae5e8
0x00007fff5d3ae5d8:   00007fff5d3ae648 0000000104253c4d
0x00007fff5d3ae5e8:   00007fed1e637190 00000007415fbc78
0x00007fff5d3ae5f8:   00007fed1fc0b960 00000007415fbc78
0x00007fff5d3ae608:   00007fff5d3ae608 000000017726a436
0x00007fff5d3ae618:   00007fff5d3ae658 000000017726a4f0 

Instructions: (pc=0x00007fff8e2cf0dd)
0x00007fff8e2cf0bd:   00 00 00 48 85 ff 2e 74 7a 40 f6 c7 01 2e 75 7e
0x00007fff8e2cf0cd:   49 bb f8 ff ff ff ff 7f 00 00 4c 23 1f 49 89 f2
0x00007fff8e2cf0dd:   45 23 53 18 49 c1 e2 04 4d 03 53 10 49 3b 32 75
0x00007fff8e2cf0ed:   04 41 ff 62 08 49 83 3a 00 74 6a 4d 3b 53 10 74 

Register to memory mapping:

RAX=0x00007fed1e637190 is an unknown value
RBX=0x000000016e868450: Java_jogamp_nativewindow_macosx_OSXUtil_GetScreenRefreshRate0+0x1cf0 in /private/var/folders/nd/04sy8tm10pndhyqtb5gnkm_c0000gn/T/jogamp_0000/file_cache/jln2171359721528399722/jln867913675646715720/libnativewindow_macosx.jnilib at 0x000000016e861000
RCX=0x0000000121e9ef00 is an unknown value
RDX=0x0000000125055a60 is an unknown value
RSP=0x00007fff5d3ae428 is pointing into the stack for thread: 0x00007fed1c0fa000
RBP=0x00007fff5d3ae4e0 is pointing into the stack for thread: 0x00007fed1c0fa000
RSI=0x00007fff9bb4840f is an unknown value
RDI=0x00007fed1fc0b960 is an unknown value
R8 =0x0000000000000000 is an unknown value
R9 =0x0000000000000f50 is an unknown value
R10=0x00007fff9bb4840f is an unknown value
R11=0x0000000000000000 is an unknown value
R12=0x0000000000000000 is an unknown value
R13={method} {0x00000001727d6608} 'UnsetJAWTRootSurfaceLayer0' '(JJ)V' in 'jogamp/nativewindow/jawt/macosx/MacOSXJAWTWindow'
R14=0x000000016e868440: Java_jogamp_nativewindow_macosx_OSXUtil_GetScreenRefreshRate0+0x1ce0 in /private/var/folders/nd/04sy8tm10pndhyqtb5gnkm_c0000gn/T/jogamp_0000/file_cache/jln2171359721528399722/jln867913675646715720/libnativewindow_macosx.jnilib at 0x000000016e861000
R15=0x00007fed1c0fa000 is a thread


Stack: [0x00007fff5cbb3000,0x00007fff5d3b3000],  sp=0x00007fff5d3ae428,  free space=8173k
Native frames: (J=compiled Java code, j=interpreted, Vv=VM code, C=native code)
C  [libobjc.A.dylib+0x10dd]  objc_msgSend+0x1d
j  jogamp.nativewindow.jawt.macosx.MacOSXJAWTWindow.UnsetJAWTRootSurfaceLayer0(JJ)V+0
j  jogamp.nativewindow.jawt.macosx.MacOSXJAWTWindow.access$200(JJ)V+2
j  jogamp.nativewindow.jawt.macosx.MacOSXJAWTWindow$1.run()V+38
J 1769 C1 com.jogamp.common.util.RunnableTask.run()V (345 bytes) @ 0x00000001047f30d4 [0x00000001047f2f40+0x194]
v  ~StubRoutines::call_stub
V  [libjvm.dylib+0x2ea59a]  JavaCalls::call_helper(JavaValue*, methodHandle*, JavaCallArguments*, Thread*)+0x6ae
V  [libjvm.dylib+0x3216a3]  jni_invoke_nonstatic(JNIEnv_*, JavaValue*, _jobject*, JNICallType, _jmethodID*, JNI_ArgumentPusher*, Thread*)+0x2ec
V  [libjvm.dylib+0x313e77]  jni_CallVoidMethod+0x16b
C  [libnativewindow_macosx.jnilib+0x5326]  Java_jogamp_nativewindow_jawt_macosx_MacOSXJAWTWindow_UnsetJAWTRootSurfaceLayer0+0x2b6
C  [Foundation+0x92dd0]  __NSThreadPerformPerform+0x125
C  [CoreFoundation+0x80a01]  __CFRUNLOOP_IS_CALLING_OUT_TO_A_SOURCE0_PERFORM_FUNCTION__+0x11
C  [CoreFoundation+0x72c5c]  __CFRunLoopDoSources0+0x1dc
C  [CoreFoundation+0x721bf]  __CFRunLoopRun+0x39f
C  [CoreFoundation+0x71bd8]  CFRunLoopRunSpecific+0x128
C  [HIToolbox+0x3256f]  RunCurrentEventLoopInMode+0xeb
C  [HIToolbox+0x321ee]  ReceiveNextEventCommon+0xb3
C  [HIToolbox+0x3212b]  _BlockUntilNextEventMatchingListInModeWithFilter+0x47
C  [AppKit+0x918ab]  _DPSNextEvent+0x3d2
C  [AppKit+0x90e58]  -[NSApplication nextEventMatchingMask:untilDate:inMode:dequeue:]+0x15a
C  [libosxapp.dylib+0x23aa]  -[NSApplicationAWT nextEventMatchingMask:untilDate:inMode:dequeue:]+0x7c
C  [AppKit+0x86af3]  -[NSApplication run]+0x252
C  [libosxapp.dylib+0x214d]  +[NSApplicationAWT runAWTLoopWithApp:]+0x9c
C  [libawt_lwawt.dylib+0x4455b]  -[AWTStarter starter:]+0x389
C  [Foundation+0x92dd0]  __NSThreadPerformPerform+0x125
C  [CoreFoundation+0x80a01]  __CFRUNLOOP_IS_CALLING_OUT_TO_A_SOURCE0_PERFORM_FUNCTION__+0x11
C  [CoreFoundation+0x72b8d]  __CFRunLoopDoSources0+0x10d
C  [CoreFoundation+0x721bf]  __CFRunLoopRun+0x39f
C  [CoreFoundation+0x71bd8]  CFRunLoopRunSpecific+0x128
C  [java+0x6463]  CreateExecutionEnvironment+0x367
C  [java+0x21ac]  JLI_Launch+0x7a0
C  [java+0x84c0]  main+0x65
C  [java+0x1a04]  start+0x34
C  0x0000000000000007

Java frames: (J=compiled Java code, j=interpreted, Vv=VM code)
j  jogamp.nativewindow.jawt.macosx.MacOSXJAWTWindow.UnsetJAWTRootSurfaceLayer0(JJ)V+0
j  jogamp.nativewindow.jawt.macosx.MacOSXJAWTWindow.access$200(JJ)V+2
j  jogamp.nativewindow.jawt.macosx.MacOSXJAWTWindow$1.run()V+38
J 1769 C1 com.jogamp.common.util.RunnableTask.run()V (345 bytes) @ 0x00000001047f30d4 [0x00000001047f2f40+0x194]
v  ~StubRoutines::call_stub

---------------  P R O C E S S  ---------------

Java Threads: ( => current thread )
  0x00007fed1d28d000 JavaThread "Thread-182" [_thread_blocked, id=12395, stack(0x000000017bf3d000,0x000000017c03d000)]
  0x00007fed1d0b4000 JavaThread "Image Fetcher 1" daemon [_thread_blocked, id=61927, stack(0x000000017af9b000,0x000000017b09b000)]
  0x00007fed1c0e0000 JavaThread "Image Fetcher 0" daemon [_thread_blocked, id=62407, stack(0x000000017ae98000,0x000000017af98000)]
  0x00007fed2110c000 JavaThread "Keep-Alive-Timer" daemon [_thread_blocked, id=35851, stack(0x000000017ad95000,0x000000017ae95000)]
  0x00007fed1c300800 JavaThread "AWT-EventQueue-1" [_thread_in_native, id=56595, stack(0x000000016f216000,0x000000016f316000)]
  0x00007fed1c00b000 JavaThread "DestroyJavaVM" [_thread_blocked, id=4867, stack(0x00000001038f3000,0x00000001039f3000)]
  0x00007fed1ca7e000 JavaThread "AWT-EventQueue-0" [_thread_blocked, id=54791, stack(0x0000000122f59000,0x0000000123059000)]
  0x00007fed1d901000 JavaThread "Java2D Disposer" daemon [_thread_blocked, id=50967, stack(0x0000000121c2f000,0x0000000121d2f000)]
  0x00007fed1d084800 JavaThread "Java2D Queue Flusher" daemon [_thread_blocked, id=49415, stack(0x000000012097f000,0x0000000120a7f000)]
  0x00007fed1d898000 JavaThread "AWT-Shutdown" [_thread_blocked, id=27923, stack(0x000000011db95000,0x000000011dc95000)]
=>0x00007fed1c0fa000 JavaThread "AWT-AppKit" daemon [_thread_in_native, id=1811, stack(0x00007fff5cbb3000,0x00007fff5d3b3000)]
  0x00007fed1c81c800 JavaThread "Service Thread" daemon [_thread_blocked, id=18179, stack(0x000000011bff2000,0x000000011c0f2000)]
  0x00007fed1d83d800 JavaThread "C1 CompilerThread2" daemon [_thread_blocked, id=17667, stack(0x000000011beef000,0x000000011bfef000)]
  0x00007fed1d835000 JavaThread "C2 CompilerThread1" daemon [_thread_blocked, id=17155, stack(0x000000011bdec000,0x000000011beec000)]
  0x00007fed1d833800 JavaThread "C2 CompilerThread0" daemon [_thread_blocked, id=16643, stack(0x000000011bce9000,0x000000011bde9000)]
  0x00007fed1d832800 JavaThread "Signal Dispatcher" daemon [_thread_blocked, id=13583, stack(0x000000011bbe6000,0x000000011bce6000)]
  0x00007fed1c01c800 JavaThread "Finalizer" daemon [_thread_blocked, id=11523, stack(0x000000011a1c1000,0x000000011a2c1000)]
  0x00007fed1c01b800 JavaThread "Reference Handler" daemon [_thread_blocked, id=11011, stack(0x000000011a0be000,0x000000011a1be000)]

Other Threads:
  0x00007fed1d81e800 VMThread [stack: 0x0000000119fbb000,0x000000011a0bb000] [id=10499]
  0x00007fed1d800800 WatcherThread [stack: 0x000000011c0f5000,0x000000011c1f5000] [id=18691]

VM state:not at safepoint (normal execution)

VM Mutex/Monitor currently owned by a thread: None

Heap:
 PSYoungGen      total 39936K, used 22065K [0x0000000795580000, 0x0000000798b00000, 0x00000007c0000000)
  eden space 27136K, 60% used [0x0000000795580000,0x000000079659c5a0,0x0000000797000000)
  from space 12800K, 43% used [0x0000000797e80000,0x00000007983f0150,0x0000000798b00000)
  to   space 13824K, 0% used [0x0000000797000000,0x0000000797000000,0x0000000797d80000)
 ParOldGen       total 87552K, used 53053K [0x0000000740000000, 0x0000000745580000, 0x0000000795580000)
  object space 87552K, 60% used [0x0000000740000000,0x00000007433cf770,0x0000000745580000)
 Metaspace       used 19658K, capacity 19899K, committed 20224K, reserved 1067008K
  class space    used 1893K, capacity 1982K, committed 2048K, reserved 1048576K

Card table byte_map: [0x000000011360c000,0x0000000113a0d000] byte_map_base: 0x000000010fc0c000

Marking Bits: (ParMarkBitMap*) 0x000000010322fea0
 Begin Bits: [0x00000001140c4000, 0x00000001160c4000)
 End Bits:   [0x00000001160c4000, 0x00000001180c4000)

Polling page: 0x00000001039f5000

CodeCache: size=245760Kb used=8234Kb max_used=8247Kb free=237525Kb
 bounds [0x000000010424c000, 0x0000000104a6c000, 0x000000011324c000]
 total_blobs=3225 nmethods=2347 adapters=791
 compilation: enabled

Compilation events (10 events):
Event: 58.995 Thread 0x00007fed1d833800 2689  s    4       sun.misc.URLClassPath::getNextLoader (88 bytes)
Event: 58.995 Thread 0x00007fed1d83d800 2690       3       sun.misc.JarIndex::get (49 bytes)
Event: 58.996 Thread 0x00007fed1d83d800 nmethod 2690 0x00000001046f0890 code [0x00000001046f0a60, 0x00000001046f12d8]
Event: 58.998 Thread 0x00007fed1d83d800 2693       3       java.lang.ThreadLocal$ThreadLocalMap$Entry::<init> (11 bytes)
Event: 58.998 Thread 0x00007fed1d83d800 nmethod 2693 0x000000010444a310 code [0x000000010444a4a0, 0x000000010444a810]
Event: 58.998 Thread 0x00007fed1d83d800 2692       3       sun.java2d.pipe.RenderBuffer::putFloat (26 bytes)
Event: 58.998 Thread 0x00007fed1d83d800 nmethod 2692 0x000000010487f650 code [0x000000010487f7c0, 0x000000010487f950]
Event: 58.998 Thread 0x00007fed1d83d800 2691       1       sun.java2d.SurfaceData::isValid (5 bytes)
Event: 58.998 Thread 0x00007fed1d83d800 nmethod 2691 0x0000000104a5ebd0 code [0x0000000104a5ed20, 0x0000000104a5ee30]
Event: 59.001 Thread 0x00007fed1d833800 nmethod 2689 0x0000000104a53f10 code [0x0000000104a54080, 0x0000000104a547f8]

GC Heap History (10 events):
Event: 41.795 GC heap before
{Heap before GC invocations=12 (full 0):
 PSYoungGen      total 34304K, used 34240K [0x0000000795580000, 0x0000000798f80000, 0x00000007c0000000)
  eden space 29696K, 100% used [0x0000000795580000,0x0000000797280000,0x0000000797280000)
  from space 4608K, 98% used [0x0000000797300000,0x0000000797770110,0x0000000797780000)
  to   space 14848K, 0% used [0x0000000798100000,0x0000000798100000,0x0000000798f80000)
 ParOldGen       total 87552K, used 38652K [0x0000000740000000, 0x0000000745580000, 0x0000000795580000)
  object space 87552K, 44% used [0x0000000740000000,0x00000007425bf340,0x0000000745580000)
 Metaspace       used 19606K, capacity 19835K, committed 19968K, reserved 1067008K
  class space    used 1885K, capacity 1982K, committed 2048K, reserved 1048576K
Event: 41.799 GC heap after
Heap after GC invocations=12 (full 0):
 PSYoungGen      total 43520K, used 4256K [0x0000000795580000, 0x0000000798f00000, 0x00000007c0000000)
  eden space 29184K, 0% used [0x0000000795580000,0x0000000795580000,0x0000000797200000)
  from space 14336K, 29% used [0x0000000798100000,0x0000000798528100,0x0000000798f00000)
  to   space 14848K, 0% used [0x0000000797200000,0x0000000797200000,0x0000000798080000)
 ParOldGen       total 87552K, used 42013K [0x0000000740000000, 0x0000000745580000, 0x0000000795580000)
  object space 87552K, 47% used [0x0000000740000000,0x0000000742907410,0x0000000745580000)
 Metaspace       used 19606K, capacity 19835K, committed 19968K, reserved 1067008K
  class space    used 1885K, capacity 1982K, committed 2048K, reserved 1048576K
}
Event: 51.225 GC heap before
{Heap before GC invocations=13 (full 0):
 PSYoungGen      total 43520K, used 33339K [0x0000000795580000, 0x0000000798f00000, 0x00000007c0000000)
  eden space 29184K, 99% used [0x0000000795580000,0x00000007971e6d28,0x0000000797200000)
  from space 14336K, 29% used [0x0000000798100000,0x0000000798528100,0x0000000798f00000)
  to   space 14848K, 0% used [0x0000000797200000,0x0000000797200000,0x0000000798080000)
 ParOldGen       total 87552K, used 42013K [0x0000000740000000, 0x0000000745580000, 0x0000000795580000)
  object space 87552K, 47% used [0x0000000740000000,0x0000000742907410,0x0000000745580000)
 Metaspace       used 19610K, capacity 19835K, committed 19968K, reserved 1067008K
  class space    used 1885K, capacity 1982K, committed 2048K, reserved 1048576K
Event: 51.229 GC heap after
Heap after GC invocations=13 (full 0):
 PSYoungGen      total 43520K, used 1296K [0x0000000795580000, 0x0000000798f80000, 0x00000007c0000000)
  eden space 28672K, 0% used [0x0000000795580000,0x0000000795580000,0x0000000797180000)
  from space 14848K, 8% used [0x0000000797200000,0x0000000797344070,0x0000000798080000)
  to   space 15360K, 0% used [0x0000000798080000,0x0000000798080000,0x0000000798f80000)
 ParOldGen       total 87552K, used 46149K [0x0000000740000000, 0x0000000745580000, 0x0000000795580000)
  object space 87552K, 52% used [0x0000000740000000,0x0000000742d11510,0x0000000745580000)
 Metaspace       used 19610K, capacity 19835K, committed 19968K, reserved 1067008K
  class space    used 1885K, capacity 1982K, committed 2048K, reserved 1048576K
}
Event: 51.824 GC heap before
{Heap before GC invocations=14 (full 0):
 PSYoungGen      total 43520K, used 29857K [0x0000000795580000, 0x0000000798f80000, 0x00000007c0000000)
  eden space 28672K, 99% used [0x0000000795580000,0x0000000797164670,0x0000000797180000)
  from space 14848K, 8% used [0x0000000797200000,0x0000000797344070,0x0000000798080000)
  to   space 15360K, 0% used [0x0000000798080000,0x0000000798080000,0x0000000798f80000)
 ParOldGen       total 87552K, used 46149K [0x0000000740000000, 0x0000000745580000, 0x0000000795580000)
  object space 87552K, 52% used [0x0000000740000000,0x0000000742d11510,0x0000000745580000)
 Metaspace       used 19618K, capacity 19835K, committed 19968K, reserved 1067008K
  class space    used 1885K, capacity 1982K, committed 2048K, reserved 1048576K
Event: 51.826 GC heap after
Heap after GC invocations=14 (full 0):
 PSYoungGen      total 41984K, used 5792K [0x0000000795580000, 0x0000000798e00000, 0x00000007c0000000)
  eden space 28160K, 0% used [0x0000000795580000,0x0000000795580000,0x0000000797100000)
  from space 13824K, 41% used [0x0000000798080000,0x0000000798628160,0x0000000798e00000)
  to   space 14848K, 0% used [0x0000000797100000,0x0000000797100000,0x0000000797f80000)
 ParOldGen       total 87552K, used 46325K [0x0000000740000000, 0x0000000745580000, 0x0000000795580000)
  object space 87552K, 52% used [0x0000000740000000,0x0000000742d3d5d0,0x0000000745580000)
 Metaspace       used 19618K, capacity 19835K, committed 19968K, reserved 1067008K
  class space    used 1885K, capacity 1982K, committed 2048K, reserved 1048576K
}
Event: 56.914 GC heap before
{Heap before GC invocations=15 (full 0):
 PSYoungGen      total 41984K, used 33806K [0x0000000795580000, 0x0000000798e00000, 0x00000007c0000000)
  eden space 28160K, 99% used [0x0000000795580000,0x00000007970db828,0x0000000797100000)
  from space 13824K, 41% used [0x0000000798080000,0x0000000798628160,0x0000000798e00000)
  to   space 14848K, 0% used [0x0000000797100000,0x0000000797100000,0x0000000797f80000)
 ParOldGen       total 87552K, used 46325K [0x0000000740000000, 0x0000000745580000, 0x0000000795580000)
  object space 87552K, 52% used [0x0000000740000000,0x0000000742d3d5d0,0x0000000745580000)
 Metaspace       used 19622K, capacity 19899K, committed 20224K, reserved 1067008K
  class space    used 1885K, capacity 1982K, committed 2048K, reserved 1048576K
Event: 56.920 GC heap after
Heap after GC invocations=15 (full 0):
 PSYoungGen      total 31232K, used 3264K [0x0000000795580000, 0x0000000798c80000, 0x00000007c0000000)
  eden space 27648K, 0% used [0x0000000795580000,0x0000000795580000,0x0000000797080000)
  from space 3584K, 91% used [0x0000000797100000,0x00000007974300c0,0x0000000797480000)
  to   space 14336K, 0% used [0x0000000797e80000,0x0000000797e80000,0x0000000798c80000)
 ParOldGen       total 87552K, used 50709K [0x0000000740000000, 0x0000000745580000, 0x0000000795580000)
  object space 87552K, 57% used [0x0000000740000000,0x00000007431856e0,0x0000000745580000)
 Metaspace       used 19622K, capacity 19899K, committed 20224K, reserved 1067008K
  class space    used 1885K, capacity 1982K, committed 2048K, reserved 1048576K
}
Event: 57.421 GC heap before
{Heap before GC invocations=16 (full 0):
 PSYoungGen      total 31232K, used 30681K [0x0000000795580000, 0x0000000798c80000, 0x00000007c0000000)
  eden space 27648K, 99% used [0x0000000795580000,0x00000007970465c0,0x0000000797080000)
  from space 3584K, 91% used [0x0000000797100000,0x00000007974300c0,0x0000000797480000)
  to   space 14336K, 0% used [0x0000000797e80000,0x0000000797e80000,0x0000000798c80000)
 ParOldGen       total 87552K, used 50709K [0x0000000740000000, 0x0000000745580000, 0x0000000795580000)
  object space 87552K, 57% used [0x0000000740000000,0x00000007431856e0,0x0000000745580000)
 Metaspace       used 19623K, capacity 19899K, committed 20224K, reserved 1067008K
  class space    used 1885K, capacity 1982K, committed 2048K, reserved 1048576K
Event: 57.424 GC heap after
Heap after GC invocations=16 (full 0):
 PSYoungGen      total 39936K, used 5568K [0x0000000795580000, 0x0000000798b00000, 0x00000007c0000000)
  eden space 27136K, 0% used [0x0000000795580000,0x0000000795580000,0x0000000797000000)
  from space 12800K, 43% used [0x0000000797e80000,0x00000007983f0150,0x0000000798b00000)
  to   space 13824K, 0% used [0x0000000797000000,0x0000000797000000,0x0000000797d80000)
 ParOldGen       total 87552K, used 53053K [0x0000000740000000, 0x0000000745580000, 0x0000000795580000)
  object space 87552K, 60% used [0x0000000740000000,0x00000007433cf770,0x0000000745580000)
 Metaspace       used 19623K, capacity 19899K, committed 20224K, reserved 1067008K
  class space    used 1885K, capacity 1982K, committed 2048K, reserved 1048576K
}

Deoptimization events (10 events):
Event: 58.954 Thread 0x00007fed1ca7e000 Uncommon trap: reason=unstable_if action=reinterpret pc=0x0000000104a2bf2c method=sun.java2d.SunGraphics2D.validateCompClip()V @ 9
Event: 58.955 Thread 0x00007fed1c300800 Uncommon trap: reason=unstable_if action=reinterpret pc=0x0000000104a5a1f4 method=java.awt.EventQueue.uncacheEQItem(Lsun/awt/EventQueueItem;)V @ 23
Event: 58.955 Thread 0x00007fed1c300800 Uncommon trap: reason=class_check action=maybe_recompile pc=0x0000000104a66208 method=java.awt.event.InvocationEvent.dispatch()V @ 47
Event: 58.957 Thread 0x00007fed1ca7e000 Uncommon trap: reason=class_check action=maybe_recompile pc=0x0000000104a66208 method=java.awt.event.InvocationEvent.dispatch()V @ 47
Event: 58.957 Thread 0x00007fed1ca7e000 Uncommon trap: reason=class_check action=maybe_recompile pc=0x0000000104a662b4 method=java.awt.EventQueue.dispatchEventImpl(Ljava/awt/AWTEvent;Ljava/lang/Object;)V @ 30
Event: 58.958 Thread 0x00007fed1ca7e000 Uncommon trap: reason=unstable_if action=reinterpret pc=0x00000001049fa92c method=sun.java2d.pipe.Region.intersectsQuickCheck(Lsun/java2d/pipe/Region;)Z @ 41
Event: 58.968 Thread 0x00007fed1c300800 Uncommon trap: reason=class_check action=maybe_recompile pc=0x0000000104a662b4 method=java.awt.EventQueue.dispatchEventImpl(Ljava/awt/AWTEvent;Ljava/lang/Object;)V @ 30
Event: 58.983 Thread 0x00007fed1d909800 Uncommon trap: reason=unstable_if action=reinterpret pc=0x0000000104629270 method=java.util.HashMap.putVal(ILjava/lang/Object;Ljava/lang/Object;ZZ)Ljava/lang/Object; @ 81
Event: 58.996 Thread 0x00007fed1c300800 Uncommon trap: reason=unstable_if action=reinterpret pc=0x00000001049deb98 method=java.util.LinkedList$ListItr.<init>(Ljava/util/LinkedList;I)V @ 26
Event: 58.997 Thread 0x00007fed1c300800 Uncommon trap: reason=unstable_if action=reinterpret pc=0x00000001049d7244 method=java.util.LinkedList$ListItr.<init>(Ljava/util/LinkedList;I)V @ 26

Internal exceptions (10 events):
Event: 0.649 Thread 0x00007fed1c00b000 Exception <a 'java/lang/NoSuchFieldError': method resolution failed> (0x0000000795879e28) thrown at [/Users/java_re/workspace/8-2-build-macosx-x86_64/jdk8u71/5731/hotspot/src/share/vm/prims/methodHandles.cpp, line 1146]
Event: 0.651 Thread 0x00007fed1c00b000 Exception <a 'java/lang/NoSuchFieldError': method resolution failed> (0x00000007958875f8) thrown at [/Users/java_re/workspace/8-2-build-macosx-x86_64/jdk8u71/5731/hotspot/src/share/vm/prims/methodHandles.cpp, line 1146]
Event: 0.986 Thread 0x00007fed1c00b000 Exception <a 'java/io/FileNotFoundException'> (0x0000000795903900) thrown at [/Users/java_re/workspace/8-2-build-macosx-x86_64/jdk8u71/5731/hotspot/src/share/vm/prims/jni.cpp, line 709]
Event: 0.986 Thread 0x00007fed1c00b000 Exception <a 'java/io/FileNotFoundException'> (0x0000000795904450) thrown at [/Users/java_re/workspace/8-2-build-macosx-x86_64/jdk8u71/5731/hotspot/src/share/vm/prims/jni.cpp, line 709]
Event: 1.263 Thread 0x00007fed1c00b000 Exception <a 'java/io/FileNotFoundException'> (0x0000000795aa17c8) thrown at [/Users/java_re/workspace/8-2-build-macosx-x86_64/jdk8u71/5731/hotspot/src/share/vm/prims/jni.cpp, line 709]
Event: 3.398 Thread 0x00007fed1c2fc000 Exception <a 'java/lang/UnsatisfiedLinkError': com.jogamp.common.util.JarUtil.fixNativeLibAttribs(Ljava/lang/String;)Z> (0x0000000796c2af90) thrown at [/Users/java_re/workspace/8-2-build-macosx-x86_64/jdk8u71/5731/hotspot/src/share/vm/prims/nativeLookup.c
Event: 3.658 Thread 0x00007fed1c01c800 Exception <a 'java/lang/NullPointerException'> (0x00000007956a3288) thrown at [/Users/java_re/workspace/8-2-build-macosx-x86_64/jdk8u71/5731/hotspot/src/share/vm/interpreter/linkResolver.cpp, line 1178]
Event: 4.304 Thread 0x00007fed1c300800 Exception <a 'java/io/FileNotFoundException'> (0x00000007960ef900) thrown at [/Users/java_re/workspace/8-2-build-macosx-x86_64/jdk8u71/5731/hotspot/src/share/vm/prims/jni.cpp, line 709]
Event: 4.305 Thread 0x00007fed1c300800 Exception <a 'java/io/FileNotFoundException'> (0x00000007960f6e40) thrown at [/Users/java_re/workspace/8-2-build-macosx-x86_64/jdk8u71/5731/hotspot/src/share/vm/prims/jni.cpp, line 709]
Event: 4.305 Thread 0x00007fed1c300800 Implicit null exception at 0x00000001044011b5 to 0x0000000104401519

Events (10 events):
Event: 58.996 Executing VM operation: Deoptimize
Event: 58.997 Executing VM operation: Deoptimize done
Event: 58.997 loading class java/awt/Toolkit$ToolkitEventMulticaster
Event: 58.997 loading class java/awt/Toolkit$ToolkitEventMulticaster done
Event: 58.997 Thread 0x00007fed1c300800 Uncommon trap: trap_request=0xffffff65 fr.pc=0x00000001049d7244
Event: 58.997 Thread 0x00007fed1c300800 DEOPT PACKING pc=0x00000001049d7244 sp=0x000000016f313a10
Event: 58.997 Thread 0x00007fed1c300800 DEOPT UNPACKING pc=0x0000000104251229 sp=0x000000016f313968 mode 2
Event: 58.997 Thread 0x00007fed1d909800 Thread exited: 0x00007fed1d909800
Event: 58.997 loading class java/awt/Window$1DisposeAction
Event: 58.998 loading class java/awt/Window$1DisposeAction done


Dynamic libraries:
0x000000000d59a000 	/System/Library/Frameworks/Cocoa.framework/Versions/A/Cocoa
0x000000000d59a000 	/System/Library/Frameworks/Security.framework/Versions/A/Security
0x000000000d59a000 	/System/Library/Frameworks/ApplicationServices.framework/Versions/A/ApplicationServices
0x000000000d59a000 	/usr/lib/libz.1.dylib
0x000000000d59a000 	/usr/lib/libSystem.B.dylib
0x000000000d59a000 	/usr/lib/libobjc.A.dylib
0x000000000d59a000 	/System/Library/Frameworks/CoreFoundation.framework/Versions/A/CoreFoundation
0x000000000d59a000 	/System/Library/Frameworks/Foundation.framework/Versions/C/Foundation
0x000000000d59a000 	/System/Library/Frameworks/AppKit.framework/Versions/C/AppKit
0x000000000d59a000 	/System/Library/Frameworks/CoreData.framework/Versions/A/CoreData
0x000000000d59a000 	/System/Library/PrivateFrameworks/RemoteViewServices.framework/Versions/A/RemoteViewServices
0x000000000d59a000 	/System/Library/PrivateFrameworks/UIFoundation.framework/Versions/A/UIFoundation
0x000000000d59a000 	/System/Library/Frameworks/IOSurface.framework/Versions/A/IOSurface
0x000000000d59a000 	/System/Library/Frameworks/AudioToolbox.framework/Versions/A/AudioToolbox
0x000000000d59a000 	/System/Library/Frameworks/AudioUnit.framework/Versions/A/AudioUnit
0x000000000d59a000 	/System/Library/PrivateFrameworks/DataDetectorsCore.framework/Versions/A/DataDetectorsCore
0x000000000d59a000 	/System/Library/PrivateFrameworks/DesktopServicesPriv.framework/Versions/A/DesktopServicesPriv
0x000000000d59a000 	/System/Library/Frameworks/Carbon.framework/Versions/A/Frameworks/HIToolbox.framework/Versions/A/HIToolbox
0x000000000d59a000 	/System/Library/Frameworks/QuartzCore.framework/Versions/A/QuartzCore
0x000000000d59a000 	/System/Library/Frameworks/Carbon.framework/Versions/A/Frameworks/SpeechRecognition.framework/Versions/A/SpeechRecognition
0x000000000d59a000 	/usr/lib/libauto.dylib
0x000000000d59a000 	/usr/lib/libicucore.A.dylib
0x000000000d59a000 	/usr/lib/libxml2.2.dylib
0x000000000d59a000 	/System/Library/PrivateFrameworks/CoreUI.framework/Versions/A/CoreUI
0x000000000d59a000 	/System/Library/Frameworks/CoreAudio.framework/Versions/A/CoreAudio
0x000000000d59a000 	/System/Library/Frameworks/DiskArbitration.framework/Versions/A/DiskArbitration
0x000000000d59a000 	/usr/lib/liblangid.dylib
0x000000000d59a000 	/System/Library/PrivateFrameworks/MultitouchSupport.framework/Versions/A/MultitouchSupport
0x000000000d59a000 	/System/Library/Frameworks/IOKit.framework/Versions/A/IOKit
0x000000000d59a000 	/usr/lib/libDiagnosticMessagesClient.dylib
0x000000000d59a000 	/System/Library/Frameworks/CoreServices.framework/Versions/A/CoreServices
0x000000000d59a000 	/System/Library/PrivateFrameworks/PerformanceAnalysis.framework/Versions/A/PerformanceAnalysis
0x000000000d59a000 	/System/Library/PrivateFrameworks/GenerationalStorage.framework/Versions/A/GenerationalStorage
0x000000000d59a000 	/System/Library/Frameworks/OpenGL.framework/Versions/A/OpenGL
0x000000000d59a000 	/System/Library/PrivateFrameworks/Sharing.framework/Versions/A/Sharing
0x000000000d59a000 	/System/Library/Frameworks/CoreGraphics.framework/Versions/A/CoreGraphics
0x000000000d59a000 	/System/Library/Frameworks/CoreText.framework/Versions/A/CoreText
0x000000000d59a000 	/System/Library/Frameworks/ImageIO.framework/Versions/A/ImageIO
0x000000000d59a000 	/usr/lib/libextension.dylib
0x000000000d59a000 	/System/Library/PrivateFrameworks/Backup.framework/Versions/A/Backup
0x000000000d59a000 	/usr/lib/libarchive.2.dylib
0x000000000d59a000 	/System/Library/Frameworks/CFNetwork.framework/Versions/A/CFNetwork
0x000000000d59a000 	/System/Library/Frameworks/SystemConfiguration.framework/Versions/A/SystemConfiguration
0x000000000d59a000 	/usr/lib/libCRFSuite.dylib
0x000000000d59a000 	/usr/lib/libc++.1.dylib
0x000000000d59a000 	/usr/lib/libc++abi.dylib
0x000000000d59a000 	/usr/lib/system/libcache.dylib
0x000000000d59a000 	/usr/lib/system/libcommonCrypto.dylib
0x000000000d59a000 	/usr/lib/system/libcompiler_rt.dylib
0x000000000d59a000 	/usr/lib/system/libcopyfile.dylib
0x000000000d59a000 	/usr/lib/system/libcorecrypto.dylib
0x000000000d59a000 	/usr/lib/system/libdispatch.dylib
0x000000000d59a000 	/usr/lib/system/libdyld.dylib
0x000000000d59a000 	/usr/lib/system/libkeymgr.dylib
0x000000000d59a000 	/usr/lib/system/liblaunch.dylib
0x000000000d59a000 	/usr/lib/system/libmacho.dylib
0x000000000d59a000 	/usr/lib/system/libquarantine.dylib
0x000000000d59a000 	/usr/lib/system/libremovefile.dylib
0x000000000d59a000 	/usr/lib/system/libsystem_asl.dylib
0x000000000d59a000 	/usr/lib/system/libsystem_blocks.dylib
0x000000000d59a000 	/usr/lib/system/libsystem_c.dylib
0x000000000d59a000 	/usr/lib/system/libsystem_configuration.dylib
0x000000000d59a000 	/usr/lib/system/libsystem_coreservices.dylib
0x000000000d59a000 	/usr/lib/system/libsystem_coretls.dylib
0x000000000d59a000 	/usr/lib/system/libsystem_dnssd.dylib
0x000000000d59a000 	/usr/lib/system/libsystem_info.dylib
0x000000000d59a000 	/usr/lib/system/libsystem_kernel.dylib
0x000000000d59a000 	/usr/lib/system/libsystem_m.dylib
0x000000000d59a000 	/usr/lib/system/libsystem_malloc.dylib
0x000000000d59a000 	/usr/lib/system/libsystem_network.dylib
0x000000000d59a000 	/usr/lib/system/libsystem_networkextension.dylib
0x000000000d59a000 	/usr/lib/system/libsystem_notify.dylib
0x000000000d59a000 	/usr/lib/system/libsystem_platform.dylib
0x000000000d59a000 	/usr/lib/system/libsystem_pthread.dylib
0x000000000d59a000 	/usr/lib/system/libsystem_sandbox.dylib
0x000000000d59a000 	/usr/lib/system/libsystem_secinit.dylib
0x000000000d59a000 	/usr/lib/system/libsystem_stats.dylib
0x000000000d59a000 	/usr/lib/system/libsystem_trace.dylib
0x000000000d59a000 	/usr/lib/system/libunc.dylib
0x000000000d59a000 	/usr/lib/system/libunwind.dylib
0x000000000d59a000 	/usr/lib/system/libxpc.dylib
0x000000000d59a000 	/usr/lib/libbz2.1.0.dylib
0x000000000d59a000 	/usr/lib/liblzma.5.dylib
0x000000000d59a000 	/usr/lib/libbsm.0.dylib
0x000000000d59a000 	/usr/lib/libsqlite3.dylib
0x000000000d59a000 	/usr/lib/system/libkxld.dylib
0x000000000d59a000 	/usr/lib/libxar.1.dylib
0x000000000d59a000 	/usr/lib/libpam.2.dylib
0x000000000d59a000 	/usr/lib/libOpenScriptingUtil.dylib
0x000000000d59a000 	/System/Library/Frameworks/CoreServices.framework/Versions/A/Frameworks/FSEvents.framework/Versions/A/FSEvents
0x000000000d59a000 	/System/Library/Frameworks/CoreServices.framework/Versions/A/Frameworks/CarbonCore.framework/Versions/A/CarbonCore
0x000000000d59a000 	/System/Library/Frameworks/CoreServices.framework/Versions/A/Frameworks/Metadata.framework/Versions/A/Metadata
0x000000000d59a000 	/System/Library/Frameworks/CoreServices.framework/Versions/A/Frameworks/OSServices.framework/Versions/A/OSServices
0x000000000d59a000 	/System/Library/Frameworks/CoreServices.framework/Versions/A/Frameworks/SearchKit.framework/Versions/A/SearchKit
0x000000000d59a000 	/System/Library/Frameworks/CoreServices.framework/Versions/A/Frameworks/AE.framework/Versions/A/AE
0x000000000d59a000 	/System/Library/Frameworks/CoreServices.framework/Versions/A/Frameworks/LaunchServices.framework/Versions/A/LaunchServices
0x000000000d59a000 	/System/Library/Frameworks/CoreServices.framework/Versions/A/Frameworks/DictionaryServices.framework/Versions/A/DictionaryServices
0x000000000d59a000 	/System/Library/Frameworks/NetFS.framework/Versions/A/NetFS
0x000000000d59a000 	/System/Library/PrivateFrameworks/NetAuth.framework/Versions/A/NetAuth
0x000000000d59a000 	/System/Library/PrivateFrameworks/login.framework/Versions/A/Frameworks/loginsupport.framework/Versions/A/loginsupport
0x000000000d59a000 	/System/Library/PrivateFrameworks/TCC.framework/Versions/A/TCC
0x000000000d59a000 	/usr/lib/libmecabra.dylib
0x000000000d59a000 	/System/Library/Frameworks/ApplicationServices.framework/Versions/A/Frameworks/ATS.framework/Versions/A/ATS
0x000000000d59a000 	/System/Library/Frameworks/ApplicationServices.framework/Versions/A/Frameworks/ColorSync.framework/Versions/A/ColorSync
0x000000000d59a000 	/System/Library/Frameworks/ApplicationServices.framework/Versions/A/Frameworks/HIServices.framework/Versions/A/HIServices
0x000000000d59a000 	/System/Library/Frameworks/ApplicationServices.framework/Versions/A/Frameworks/LangAnalysis.framework/Versions/A/LangAnalysis
0x000000000d59a000 	/System/Library/Frameworks/ApplicationServices.framework/Versions/A/Frameworks/PrintCore.framework/Versions/A/PrintCore
0x000000000d59a000 	/System/Library/Frameworks/ApplicationServices.framework/Versions/A/Frameworks/QD.framework/Versions/A/QD
0x000000000d59a000 	/System/Library/Frameworks/ApplicationServices.framework/Versions/A/Frameworks/SpeechSynthesis.framework/Versions/A/SpeechSynthesis
0x000000000d59a000 	/System/Library/Frameworks/Accelerate.framework/Versions/A/Accelerate
0x000000000d59a000 	/System/Library/Frameworks/Accelerate.framework/Versions/A/Frameworks/vImage.framework/Versions/A/vImage
0x000000000d59a000 	/System/Library/Frameworks/Accelerate.framework/Versions/A/Frameworks/vecLib.framework/Versions/A/vecLib
0x000000000d59a000 	/System/Library/Frameworks/Accelerate.framework/Versions/A/Frameworks/vecLib.framework/Versions/A/libvDSP.dylib
0x000000000d59a000 	/System/Library/Frameworks/Accelerate.framework/Versions/A/Frameworks/vecLib.framework/Versions/A/libvMisc.dylib
0x000000000d59a000 	/System/Library/Frameworks/Accelerate.framework/Versions/A/Frameworks/vecLib.framework/Versions/A/libLAPACK.dylib
0x000000000d59a000 	/System/Library/Frameworks/Accelerate.framework/Versions/A/Frameworks/vecLib.framework/Versions/A/libBLAS.dylib
0x000000000d59a000 	/System/Library/Frameworks/Accelerate.framework/Versions/A/Frameworks/vecLib.framework/Versions/A/libLinearAlgebra.dylib
0x000000000d59a000 	/System/Library/Frameworks/ApplicationServices.framework/Versions/A/Frameworks/ATS.framework/Versions/A/Resources/libFontParser.dylib
0x000000000d59a000 	/System/Library/Frameworks/ApplicationServices.framework/Versions/A/Frameworks/ATS.framework/Versions/A/Resources/libFontRegistry.dylib
0x000000000d59a000 	/System/Library/PrivateFrameworks/AppleVPA.framework/Versions/A/AppleVPA
0x000000000d59a000 	/System/Library/PrivateFrameworks/AppleJPEG.framework/Versions/A/AppleJPEG
0x000000000d59a000 	/System/Library/Frameworks/ImageIO.framework/Versions/A/Resources/libJPEG.dylib
0x000000000d59a000 	/System/Library/Frameworks/ImageIO.framework/Versions/A/Resources/libTIFF.dylib
0x000000000d59a000 	/System/Library/Frameworks/ImageIO.framework/Versions/A/Resources/libPng.dylib
0x000000000d59a000 	/System/Library/Frameworks/ImageIO.framework/Versions/A/Resources/libGIF.dylib
0x000000000d59a000 	/System/Library/Frameworks/ImageIO.framework/Versions/A/Resources/libJP2.dylib
0x000000000d59a000 	/System/Library/Frameworks/ImageIO.framework/Versions/A/Resources/libRadiance.dylib
0x000000000d59a000 	/System/Library/Frameworks/CoreVideo.framework/Versions/A/CoreVideo
0x000000000d59a000 	/System/Library/Frameworks/OpenGL.framework/Versions/A/Libraries/libGLU.dylib
0x000000000d59a000 	/System/Library/Frameworks/OpenGL.framework/Versions/A/Libraries/libGFXShared.dylib
0x000000000d59a000 	/System/Library/Frameworks/OpenGL.framework/Versions/A/Libraries/libGL.dylib
0x000000000d59a000 	/System/Library/Frameworks/OpenGL.framework/Versions/A/Libraries/libGLImage.dylib
0x000000000d59a000 	/System/Library/Frameworks/OpenGL.framework/Versions/A/Libraries/libCVMSPluginSupport.dylib
0x000000000d59a000 	/System/Library/Frameworks/OpenGL.framework/Versions/A/Libraries/libCoreVMClient.dylib
0x000000000d59a000 	/usr/lib/libcups.2.dylib
0x000000000d59a000 	/System/Library/Frameworks/Kerberos.framework/Versions/A/Kerberos
0x000000000d59a000 	/System/Library/Frameworks/GSS.framework/Versions/A/GSS
0x000000000d59a000 	/usr/lib/libresolv.9.dylib
0x000000000d59a000 	/usr/lib/libiconv.2.dylib
0x000000000d59a000 	/System/Library/PrivateFrameworks/Heimdal.framework/Versions/A/Heimdal
0x000000000d59a000 	/usr/lib/libheimdal-asn1.dylib
0x000000000d59a000 	/System/Library/Frameworks/OpenDirectory.framework/Versions/A/OpenDirectory
0x000000000d59a000 	/System/Library/PrivateFrameworks/CommonAuth.framework/Versions/A/CommonAuth
0x000000000d59a000 	/System/Library/Frameworks/OpenDirectory.framework/Versions/A/Frameworks/CFOpenDirectory.framework/Versions/A/CFOpenDirectory
0x000000000d59a000 	/System/Library/Frameworks/SecurityFoundation.framework/Versions/A/SecurityFoundation
0x000000000d59a000 	/System/Library/PrivateFrameworks/LanguageModeling.framework/Versions/A/LanguageModeling
0x000000000d59a000 	/usr/lib/libcmph.dylib
0x000000000d59a000 	/System/Library/Frameworks/ServiceManagement.framework/Versions/A/ServiceManagement
0x000000000d59a000 	/usr/lib/libxslt.1.dylib
0x000000000d59a000 	/System/Library/Frameworks/Carbon.framework/Versions/A/Frameworks/Ink.framework/Versions/A/Ink
0x000000000d59a000 	/System/Library/Frameworks/QuartzCore.framework/Versions/A/Frameworks/CoreImage.framework/Versions/A/CoreImage
0x000000000d59a000 	/System/Library/PrivateFrameworks/CrashReporterSupport.framework/Versions/A/CrashReporterSupport
0x000000000d59a000 	/System/Library/Frameworks/OpenCL.framework/Versions/A/OpenCL
0x000000000d59a000 	/System/Library/PrivateFrameworks/FaceCore.framework/Versions/A/FaceCore
0x000000000d59a000 	/System/Library/PrivateFrameworks/Ubiquity.framework/Versions/A/Ubiquity
0x000000000d59a000 	/System/Library/PrivateFrameworks/IconServices.framework/Versions/A/IconServices
0x000000000d59a000 	/System/Library/PrivateFrameworks/ChunkingLibrary.framework/Versions/A/ChunkingLibrary
0x000000000d59a000 	/System/Library/PrivateFrameworks/Apple80211.framework/Versions/A/Apple80211
0x000000000d59a000 	/System/Library/Frameworks/CoreWLAN.framework/Versions/A/CoreWLAN
0x000000000d59a000 	/System/Library/Frameworks/IOBluetooth.framework/Versions/A/IOBluetooth
0x000000000d59a000 	/System/Library/PrivateFrameworks/CoreWiFi.framework/Versions/A/CoreWiFi
0x000000000d59a000 	/System/Library/Frameworks/CoreBluetooth.framework/Versions/A/CoreBluetooth
0x000000000d59a000 	/System/Library/PrivateFrameworks/DebugSymbols.framework/Versions/A/DebugSymbols
0x000000000d59a000 	/System/Library/PrivateFrameworks/CoreSymbolication.framework/Versions/A/CoreSymbolication
0x000000000d59a000 	/System/Library/PrivateFrameworks/Symbolication.framework/Versions/A/Symbolication
0x000000000d59a000 	/System/Library/PrivateFrameworks/SpeechRecognitionCore.framework/Versions/A/SpeechRecognitionCore
0x000000010294c000 	/Library/Java/JavaVirtualMachines/jdk1.8.0_71.jdk/Contents/Home/jre/lib/server/libjvm.dylib
0x000000000d59a000 	/usr/lib/libstdc++.6.dylib
0x0000000104200000 	/Library/Java/JavaVirtualMachines/jdk1.8.0_71.jdk/Contents/Home/jre/lib/libverify.dylib
0x000000010420e000 	/Library/Java/JavaVirtualMachines/jdk1.8.0_71.jdk/Contents/Home/jre/lib/libjava.dylib
0x0000000104243000 	/Library/Java/JavaVirtualMachines/jdk1.8.0_71.jdk/Contents/Home/jre/lib/libzip.dylib
0x000000011a2c3000 	/System/Library/Frameworks/JavaVM.framework/Frameworks/JavaRuntimeSupport.framework/JavaRuntimeSupport
0x000000011a2db000 	/System/Library/Frameworks/JavaVM.framework/Versions/A/Frameworks/JavaNativeFoundation.framework/Versions/A/JavaNativeFoundation
0x000000011a2f0000 	/System/Library/Frameworks/JavaVM.framework/Versions/A/JavaVM
0x000000000d59a000 	/System/Library/Frameworks/Carbon.framework/Versions/A/Carbon
0x000000011a2fd000 	/System/Library/PrivateFrameworks/JavaLaunching.framework/Versions/A/JavaLaunching
0x000000000d59a000 	/System/Library/Frameworks/Carbon.framework/Versions/A/Frameworks/CommonPanels.framework/Versions/A/CommonPanels
0x000000000d59a000 	/System/Library/Frameworks/Carbon.framework/Versions/A/Frameworks/Help.framework/Versions/A/Help
0x000000000d59a000 	/System/Library/Frameworks/Carbon.framework/Versions/A/Frameworks/ImageCapture.framework/Versions/A/ImageCapture
0x000000000d59a000 	/System/Library/Frameworks/Carbon.framework/Versions/A/Frameworks/OpenScripting.framework/Versions/A/OpenScripting
0x000000000d59a000 	/System/Library/Frameworks/Carbon.framework/Versions/A/Frameworks/Print.framework/Versions/A/Print
0x000000000d59a000 	/System/Library/Frameworks/Carbon.framework/Versions/A/Frameworks/SecurityHI.framework/Versions/A/SecurityHI
0x000000011c233000 	/Library/Java/JavaVirtualMachines/jdk1.8.0_71.jdk/Contents/Home/jre/lib/libawt.dylib
0x000000011c2db000 	/Library/Java/JavaVirtualMachines/jdk1.8.0_71.jdk/Contents/Home/jre/lib/./libmlib_image.dylib
0x000000011c3a7000 	/Library/Java/JavaVirtualMachines/jdk1.8.0_71.jdk/Contents/Home/jre/lib/libawt_lwawt.dylib
0x000000011c45c000 	/Library/Java/JavaVirtualMachines/jdk1.8.0_71.jdk/Contents/Home/jre/lib/./libosxapp.dylib
0x000000000d59a000 	/System/Library/Frameworks/ExceptionHandling.framework/Versions/A/ExceptionHandling
0x000000000d59a000 	/System/Library/PrivateFrameworks/CoreServicesInternal.framework/Versions/A/CoreServicesInternal
0x000000000d59a000 	/System/Library/PrivateFrameworks/CloudDocs.framework/Versions/A/CloudDocs
0x000000000d59a000 	/System/Library/PrivateFrameworks/CoreDuet.framework/Versions/A/CoreDuet
0x000000000d59a000 	/System/Library/Frameworks/CloudKit.framework/Versions/A/CloudKit
0x000000000d59a000 	/System/Library/PrivateFrameworks/ProtocolBuffer.framework/Versions/A/ProtocolBuffer
0x000000000d59a000 	/System/Library/PrivateFrameworks/CoreDuetDaemonProtocol.framework/Versions/A/CoreDuetDaemonProtocol
0x000000000d59a000 	/System/Library/PrivateFrameworks/CoreDuetDebugLogging.framework/Versions/A/CoreDuetDebugLogging
0x000000000d59a000 	/System/Library/PrivateFrameworks/MMCS.framework/Versions/A/MMCS
0x000000000d59a000 	/System/Library/Frameworks/CoreLocation.framework/Versions/A/CoreLocation
0x000000000d59a000 	/System/Library/PrivateFrameworks/ProtectedCloudStorage.framework/Versions/A/ProtectedCloudStorage
0x000000000d59a000 	/System/Library/PrivateFrameworks/GeoServices.framework/Versions/A/GeoServices
0x000000011c7b5000 	/System/Library/Frameworks/CoreGraphics.framework/Versions/A/Resources/libCGCMS.A.dylib
0x000000011e968000 	/System/Library/Frameworks/CoreGraphics.framework/Versions/A/Resources/libRIP.A.dylib
0x000000011c7d8000 	/System/Library/Frameworks/CoreGraphics.framework/Versions/A/Resources/libCGXType.A.dylib
0x000000000d59a000 	/System/Library/Frameworks/OpenCL.framework/Versions/A/Libraries/libcldcpuengine.dylib
0x000000000d59a000 	/System/Library/PrivateFrameworks/DiskImages.framework/Versions/A/DiskImages
0x000000000d59a000 	/System/Library/Frameworks/DiscRecording.framework/Versions/A/DiscRecording
0x000000000d59a000 	/usr/lib/libcsfde.dylib
0x000000000d59a000 	/usr/lib/libcurl.4.dylib
0x000000000d59a000 	/System/Library/PrivateFrameworks/MediaKit.framework/Versions/A/MediaKit
0x000000000d59a000 	/usr/lib/libCoreStorage.dylib
0x000000000d59a000 	/System/Library/PrivateFrameworks/EFILogin.framework/Versions/A/EFILogin
0x000000000d59a000 	/usr/lib/libutil.dylib
0x000000000d59a000 	/System/Library/PrivateFrameworks/FindMyDevice.framework/Versions/A/FindMyDevice
0x000000000d59a000 	/System/Library/Frameworks/LDAP.framework/Versions/A/LDAP
0x000000000d59a000 	/usr/lib/libsasl2.2.dylib
0x000000000d59a000 	/System/Library/PrivateFrameworks/CoreDaemon.framework/Versions/B/CoreDaemon
0x000000000d59a000 	/usr/lib/libcrypto.0.9.8.dylib
0x000000000d59a000 	/System/Library/PrivateFrameworks/AppleSRP.framework/Versions/A/AppleSRP
0x000000000d59a000 	/System/Library/PrivateFrameworks/TrustEvaluationAgent.framework/Versions/A/TrustEvaluationAgent
0x000000011c7ea000 	cl_kernels
0x000000011f6e2000 	/System/Library/Frameworks/OpenCL.framework/Versions/A/Libraries/ImageFormats/unorm8_bgra.dylib
0x000000011f81a000 	cl_kernels
0x000000000d59a000 	/System/Library/PrivateFrameworks/FamilyControls.framework/Versions/A/FamilyControls
0x000000000d59a000 	/System/Library/PrivateFrameworks/CommerceKit.framework/Versions/A/Frameworks/CommerceCore.framework/Versions/A/CommerceCore
0x000000000d59a000 	/System/Library/PrivateFrameworks/SystemAdministration.framework/Versions/A/SystemAdministration
0x000000000d59a000 	/System/Library/PrivateFrameworks/AppContainer.framework/Versions/A/AppContainer
0x000000000d59a000 	/System/Library/PrivateFrameworks/SecCodeWrapper.framework/Versions/A/SecCodeWrapper
0x000000000d59a000 	/System/Library/Frameworks/DirectoryService.framework/Versions/A/DirectoryService
0x000000000d59a000 	/System/Library/PrivateFrameworks/LoginUIKit.framework/Versions/A/Frameworks/LoginUICore.framework/Versions/A/LoginUICore
0x000000000d59a000 	/usr/lib/libodfde.dylib
0x0000000120a81000 	/System/Library/Frameworks/OpenGL.framework/Resources/GLEngine.bundle/GLEngine
0x000000000d59a000 	/System/Library/Frameworks/OpenGL.framework/Versions/A/Libraries/libGLProgrammability.dylib
0x0000000120c6c000 	/System/Library/Extensions/AppleIntelHD5000GraphicsGLDriver.bundle/Contents/MacOS/AppleIntelHD5000GraphicsGLDriver
0x000000000d59a000 	/System/Library/PrivateFrameworks/IOAccelerator.framework/Versions/A/IOAccelerator
0x000000000d59a000 	/System/Library/PrivateFrameworks/GPUSupport.framework/Versions/A/Libraries/libGPUSupportMercury.dylib
0x0000000121357000 	/System/Library/Frameworks/OpenGL.framework/Resources//GLRendererFloat.bundle/GLRendererFloat
0x0000000121d31000 	/Library/Java/JavaVirtualMachines/jdk1.8.0_71.jdk/Contents/Home/jre/lib/libfontmanager.dylib
0x000000012306b000 	/Library/Java/JavaVirtualMachines/jdk1.8.0_71.jdk/Contents/Home/jre/lib/libosxui.dylib
0x00000001232f9000 	/Library/Java/JavaVirtualMachines/jdk1.8.0_71.jdk/Contents/Home/jre/lib/libnet.dylib
0x00000001230aa000 	/Library/Java/JavaVirtualMachines/jdk1.8.0_71.jdk/Contents/Home/jre/lib/libnio.dylib
0x000000000d59a000 	/System/Library/Frameworks/ApplicationServices.framework/Versions/A/Frameworks/ATS.framework/Versions/A/Resources/libTrueTypeScaler.dylib
0x000000016e856000 	/private/var/folders/nd/04sy8tm10pndhyqtb5gnkm_c0000gn/T/jogamp_0000/file_cache/jln2171359721528399722/jln867913675646715720/libgluegen-rt.jnilib
0x000000016e85b000 	/private/var/folders/nd/04sy8tm10pndhyqtb5gnkm_c0000gn/T/jogamp_0000/file_cache/jln2171359721528399722/jln867913675646715720/libnativewindow_awt.jnilib
0x000000016e85e000 	/Library/Java/JavaVirtualMachines/jdk1.8.0_71.jdk/Contents/Home/jre/lib/libjawt.dylib
0x000000016e861000 	/private/var/folders/nd/04sy8tm10pndhyqtb5gnkm_c0000gn/T/jogamp_0000/file_cache/jln2171359721528399722/jln867913675646715720/libnativewindow_macosx.jnilib
0x000000017291e000 	/private/var/folders/nd/04sy8tm10pndhyqtb5gnkm_c0000gn/T/jogamp_0000/file_cache/jln2171359721528399722/jln867913675646715720/libjogl_desktop.jnilib
0x00000001229b2000 	/Library/Java/JavaVirtualMachines/jdk1.8.0_71.jdk/Contents/Home/jre/lib/libjpeg.dylib

VM Arguments:
jvm_args: -Djava.security.policy=java.policy.applet -Dfile.encoding=UTF-8 
java_command: sun.applet.AppletViewer module1.HelloWorld1453341360129.html
java_class_path (initial): /Users/matthew/Documents/workspace/UCSDUnfoldingMaps/build:/Users/matthew/Documents/workspace/UCSDUnfoldingMaps/lib/core.jar:/Users/matthew/Documents/workspace/UCSDUnfoldingMaps/lib/gluegen-rt.jar:/Users/matthew/Documents/workspace/UCSDUnfoldingMaps/lib/jogl-all.jar:/Users/matthew/Documents/workspace/UCSDUnfoldingMaps/lib/log4j-1.2.15.jar:/Users/matthew/Documents/workspace/UCSDUnfoldingMaps/lib/sqlite-jdbc-3.7.2.jar:/Users/matthew/Documents/workspace/UCSDUnfoldingMaps/lib/json4processing.jar:/Users/matthew/Documents/workspace/UCSDUnfoldingMaps/lib/libTUIO.jar:/Users/matthew/Documents/workspace/UCSDUnfoldingMaps/lib/unfolding.0.9.7-uscd.jar
Launcher Type: SUN_STANDARD

Environment Variables:
PATH=/usr/bin:/bin:/usr/sbin:/sbin
SHELL=/bin/bash

Signal Handlers:
SIGSEGV: [libjvm.dylib+0x5a68c5], sa_mask[0]=11111111011111110111111111111111, sa_flags=SA_ONSTACK|SA_RESTART|SA_SIGINFO
SIGBUS: [libjvm.dylib+0x5a68c5], sa_mask[0]=11111111011111110111111111111111, sa_flags=SA_RESTART|SA_SIGINFO
SIGFPE: [libjvm.dylib+0x4805d4], sa_mask[0]=11111111011111110111111111111111, sa_flags=SA_RESTART|SA_SIGINFO
SIGPIPE: [libjvm.dylib+0x4805d4], sa_mask[0]=11111111011111110111111111111111, sa_flags=SA_RESTART|SA_SIGINFO
SIGXFSZ: [libjvm.dylib+0x4805d4], sa_mask[0]=11111111011111110111111111111111, sa_flags=SA_RESTART|SA_SIGINFO
SIGILL: [libjvm.dylib+0x4805d4], sa_mask[0]=11111111011111110111111111111111, sa_flags=SA_RESTART|SA_SIGINFO
SIGUSR1: SIG_DFL, sa_mask[0]=00000000000000000000000000000000, sa_flags=none
SIGUSR2: [libjvm.dylib+0x4800f2], sa_mask[0]=00100000000000000000000000000000, sa_flags=SA_RESTART|SA_SIGINFO
SIGHUP: [libjvm.dylib+0x47e6c9], sa_mask[0]=11111111011111110111111111111111, sa_flags=SA_RESTART|SA_SIGINFO
SIGINT: [libjvm.dylib+0x47e6c9], sa_mask[0]=11111111011111110111111111111111, sa_flags=SA_RESTART|SA_SIGINFO
SIGTERM: [libjvm.dylib+0x47e6c9], sa_mask[0]=11111111011111110111111111111111, sa_flags=SA_RESTART|SA_SIGINFO
SIGQUIT: [libjvm.dylib+0x47e6c9], sa_mask[0]=11111111011111110111111111111111, sa_flags=SA_RESTART|SA_SIGINFO


---------------  S Y S T E M  ---------------

OS:Bsduname:Darwin 14.5.0 Darwin Kernel Version 14.5.0: Tue Sep  1 21:23:09 PDT 2015; root:xnu-2782.50.1~1/RELEASE_X86_64 x86_64
rlimit: STACK 8192k, CORE 0k, NPROC 709, NOFILE 10240, AS infinity
load average:2.26 2.38 2.34

CPU:total 4 (2 cores per cpu, 2 threads per core) family 6 model 69 stepping 1, cmov, cx8, fxsr, mmx, sse, sse2, sse3, ssse3, sse4.1, sse4.2, popcnt, avx, avx2, aes, clmul, erms, lzcnt, ht, tsc, tscinvbit, bmi1, bmi2

Memory: 4k page, physical 8388608k(859916k free)

/proc/meminfo:


vm_info: Java HotSpot(TM) 64-Bit Server VM (25.71-b15) for bsd-amd64 JRE (1.8.0_71-b15), built on Dec 22 2015 15:11:44 by "java_re" with gcc 4.2.1 (Based on Apple Inc. build 5658) (LLVM build 2336.11.00)

time: Wed Jan 20 20:56:59 2016
elapsed time: 59 seconds (0d 0h 0m 59s)

