#
# A fatal error has been detected by the Java Runtime Environment:
#
#  SIGSEGV (0xb) at pc=0x00007fff959ee0dd, pid=508, tid=1811
#
# JRE version: Java(TM) SE Runtime Environment (8.0_71-b15) (build 1.8.0_71-b15)
# Java VM: Java HotSpot(TM) 64-Bit Server VM (25.71-b15 mixed mode bsd-amd64 compressed oops)
# Problematic frame:
# C  [libobjc.A.dylib+0x10dd]  objc_msgSend+0x1d
#
# Failed to write core dump. Core dumps have been disabled. To enable core dumping, try "ulimit -c unlimited" before starting Java again
#
# If you would like to submit a bug report, please visit:
#   http://bugreport.java.com/bugreport/crash.jsp
# The crash happened outside the Java Virtual Machine in native code.
# See problematic frame for where to report the bug.
#

---------------  T H R E A D  ---------------

Current thread (0x00007fcc248fc000):  JavaThread "AWT-AppKit" daemon [_thread_in_native, id=1811, stack(0x00007fff520ea000,0x00007fff528ea000)]

siginfo: si_signo: 11 (SIGSEGV), si_code: 1 (SEGV_MAPERR), si_addr: 0x0000000000000018

Registers:
RAX=0x00007fcc2669b760, RBX=0x00000001792d6450, RCX=0x000000012f8c3280, RDX=0x000000012f8c3760
RSP=0x00007fff528e55d8, RBP=0x00007fff528e5690, RSI=0x00007fff8f4ba40f, RDI=0x00007fcc23c6d2f0
R8 =0x0000000000000000, R9 =0x0000000000000f50, R10=0x00007fff8f4ba40f, R11=0x0000000000000000
R12=0x0000000000000000, R13=0x000000017cf75608, R14=0x00000001792d6440, R15=0x00007fcc248fc000
RIP=0x00007fff959ee0dd, EFLAGS=0x0000000000010246, ERR=0x0000000000000004
  TRAPNO=0x000000000000000e

Top of Stack: (sp=0x00007fff528e55d8)
0x00007fff528e55d8:   00000001792d4157 00007fff528e5630
0x00007fff528e55e8:   0000000000000003 00007fff528e5610
0x00007fff528e55f8:   000000010dff0d66 000000017cf75608
0x00007fff528e5608:   000000017cf75608 00007fcc2669b760
0x00007fff528e5618:   00000001792d66a0 00000001792d6710
0x00007fff528e5628:   00007fff7a659550 00007fff793dbc80
0x00007fff528e5638:   00000001792d6450 00000001792d6690
0x00007fff528e5648:   00007fcc2669b760 00007fcc23c6d2f0
0x00007fff528e5658:   00007fcc23c597e0 00007fcc2669b760
0x00007fff528e5668:   00007fcc23c6d2f0 00007fff528e5710
0x00007fff528e5678:   00007fcc248fc1f8 000000017cf75608
0x00007fff528e5688:   00007fff528e5738 00007fff528e5700
0x00007fff528e5698:   000000010eda4954 00007fff528e5700
0x00007fff528e56a8:   000000010eda46d9 000000010edb0823
0x00007fff528e56b8:   000000010eda46a2 00007fff528e56c0
0x00007fff528e56c8:   000000017cf75608 00007fff528e5738
0x00007fff528e56d8:   000000017cf78240 0000000000000000
0x00007fff528e56e8:   000000017cf75608 0000000000000000
0x00007fff528e56f8:   00007fff528e5720 00007fff528e5780
0x00007fff528e5708:   000000010ed96c4d 000000074010f9e8
0x00007fff528e5718:   000000010ed9e578 00007fcc2669b760
0x00007fff528e5728:   000000010ed9fdb9 00007fcc23c6d2f0
0x00007fff528e5738:   000000010ed9fd82 00007fff528e5740
0x00007fff528e5748:   000000017cf757d2 00007fff528e57a8
0x00007fff528e5758:   000000017cf78240 0000000000000000
0x00007fff528e5768:   000000017cf757e0 00007fff528e5720
0x00007fff528e5778:   00007fff528e5790 00007fff528e57f0
0x00007fff528e5788:   000000010ed96c4d 00007fcc2669b760
0x00007fff528e5798:   00000007400b58a8 00007fcc23c6d2f0
0x00007fff528e57a8:   00000007400b58a8 00007fff528e57b0
0x00007fff528e57b8:   0000000180a86aa6 00007fff528e5800
0x00007fff528e57c8:   0000000180a86b60 0000000000000000 

Instructions: (pc=0x00007fff959ee0dd)
0x00007fff959ee0bd:   00 00 00 48 85 ff 2e 74 7a 40 f6 c7 01 2e 75 7e
0x00007fff959ee0cd:   49 bb f8 ff ff ff ff 7f 00 00 4c 23 1f 49 89 f2
0x00007fff959ee0dd:   45 23 53 18 49 c1 e2 04 4d 03 53 10 49 3b 32 75
0x00007fff959ee0ed:   04 41 ff 62 08 49 83 3a 00 74 6a 4d 3b 53 10 74 

Register to memory mapping:

RAX=0x00007fcc2669b760 is an unknown value
RBX=0x00000001792d6450: Java_jogamp_nativewindow_macosx_OSXUtil_GetScreenRefreshRate0+0x1cf0 in /private/var/folders/nd/04sy8tm10pndhyqtb5gnkm_c0000gn/T/jogamp_0000/file_cache/jln2768126934746086460/jln5185969386083270296/libnativewindow_macosx.jnilib at 0x00000001792cf000
RCX=0x000000012f8c3280 is an unknown value
RDX=0x000000012f8c3760 is an unknown value
RSP=0x00007fff528e55d8 is pointing into the stack for thread: 0x00007fcc248fc000
RBP=0x00007fff528e5690 is pointing into the stack for thread: 0x00007fcc248fc000
RSI=0x00007fff8f4ba40f is an unknown value
RDI=0x00007fcc23c6d2f0 is an unknown value
R8 =0x0000000000000000 is an unknown value
R9 =0x0000000000000f50 is an unknown value
R10=0x00007fff8f4ba40f is an unknown value
R11=0x0000000000000000 is an unknown value
R12=0x0000000000000000 is an unknown value
R13={method} {0x000000017cf75608} 'UnsetJAWTRootSurfaceLayer0' '(JJ)V' in 'jogamp/nativewindow/jawt/macosx/MacOSXJAWTWindow'
R14=0x00000001792d6440: Java_jogamp_nativewindow_macosx_OSXUtil_GetScreenRefreshRate0+0x1ce0 in /private/var/folders/nd/04sy8tm10pndhyqtb5gnkm_c0000gn/T/jogamp_0000/file_cache/jln2768126934746086460/jln5185969386083270296/libnativewindow_macosx.jnilib at 0x00000001792cf000
R15=0x00007fcc248fc000 is a thread


Stack: [0x00007fff520ea000,0x00007fff528ea000],  sp=0x00007fff528e55d8,  free space=8173k
Native frames: (J=compiled Java code, j=interpreted, Vv=VM code, C=native code)
C  [libobjc.A.dylib+0x10dd]  objc_msgSend+0x1d
j  jogamp.nativewindow.jawt.macosx.MacOSXJAWTWindow.UnsetJAWTRootSurfaceLayer0(JJ)V+0
j  jogamp.nativewindow.jawt.macosx.MacOSXJAWTWindow.access$200(JJ)V+2
j  jogamp.nativewindow.jawt.macosx.MacOSXJAWTWindow$1.run()V+38
j  com.jogamp.common.util.RunnableTask.run()V+24
v  ~StubRoutines::call_stub
V  [libjvm.dylib+0x2ea59a]  JavaCalls::call_helper(JavaValue*, methodHandle*, JavaCallArguments*, Thread*)+0x6ae
V  [libjvm.dylib+0x3216a3]  jni_invoke_nonstatic(JNIEnv_*, JavaValue*, _jobject*, JNICallType, _jmethodID*, JNI_ArgumentPusher*, Thread*)+0x2ec
V  [libjvm.dylib+0x313e77]  jni_CallVoidMethod+0x16b
C  [libnativewindow_macosx.jnilib+0x5326]  Java_jogamp_nativewindow_jawt_macosx_MacOSXJAWTWindow_UnsetJAWTRootSurfaceLayer0+0x2b6
C  [Foundation+0x92dd0]  __NSThreadPerformPerform+0x125
C  [CoreFoundation+0x80a01]  __CFRUNLOOP_IS_CALLING_OUT_TO_A_SOURCE0_PERFORM_FUNCTION__+0x11
C  [CoreFoundation+0x72c5c]  __CFRunLoopDoSources0+0x1dc
C  [CoreFoundation+0x721bf]  __CFRunLoopRun+0x39f
C  [CoreFoundation+0x71bd8]  CFRunLoopRunSpecific+0x128
C  [HIToolbox+0x3256f]  RunCurrentEventLoopInMode+0xeb
C  [HIToolbox+0x321ee]  ReceiveNextEventCommon+0xb3
C  [HIToolbox+0x3212b]  _BlockUntilNextEventMatchingListInModeWithFilter+0x47
C  [AppKit+0x918ab]  _DPSNextEvent+0x3d2
C  [AppKit+0x90e58]  -[NSApplication nextEventMatchingMask:untilDate:inMode:dequeue:]+0x15a
C  [libosxapp.dylib+0x23aa]  -[NSApplicationAWT nextEventMatchingMask:untilDate:inMode:dequeue:]+0x7c
C  [AppKit+0x86af3]  -[NSApplication run]+0x252
C  [libosxapp.dylib+0x214d]  +[NSApplicationAWT runAWTLoopWithApp:]+0x9c
C  [libawt_lwawt.dylib+0x4455b]  -[AWTStarter starter:]+0x389
C  [Foundation+0x92dd0]  __NSThreadPerformPerform+0x125
C  [CoreFoundation+0x80a01]  __CFRUNLOOP_IS_CALLING_OUT_TO_A_SOURCE0_PERFORM_FUNCTION__+0x11
C  [CoreFoundation+0x72b8d]  __CFRunLoopDoSources0+0x10d
C  [CoreFoundation+0x721bf]  __CFRunLoopRun+0x39f
C  [CoreFoundation+0x71bd8]  CFRunLoopRunSpecific+0x128
C  [java+0x6463]  CreateExecutionEnvironment+0x367
C  [java+0x21ac]  JLI_Launch+0x7a0
C  [java+0x84c0]  main+0x65
C  [java+0x1a04]  start+0x34
C  0x0000000000000007

Java frames: (J=compiled Java code, j=interpreted, Vv=VM code)
j  jogamp.nativewindow.jawt.macosx.MacOSXJAWTWindow.UnsetJAWTRootSurfaceLayer0(JJ)V+0
j  jogamp.nativewindow.jawt.macosx.MacOSXJAWTWindow.access$200(JJ)V+2
j  jogamp.nativewindow.jawt.macosx.MacOSXJAWTWindow$1.run()V+38
j  com.jogamp.common.util.RunnableTask.run()V+24
v  ~StubRoutines::call_stub

---------------  P R O C E S S  ---------------

Java Threads: ( => current thread )
  0x00007fcc25248000 JavaThread "Thread-28" [_thread_blocked, id=59683, stack(0x000000018130c000,0x000000018140c000)]
  0x00007fcc25234800 JavaThread "Image Fetcher 1" daemon [_thread_blocked, id=63235, stack(0x0000000181765000,0x0000000181865000)]
  0x00007fcc24bdc800 JavaThread "Image Fetcher 0" daemon [_thread_blocked, id=62723, stack(0x0000000181635000,0x0000000181735000)]
  0x00007fcc247a2000 JavaThread "Keep-Alive-Timer" daemon [_thread_blocked, id=62511, stack(0x0000000181532000,0x0000000181632000)]
  0x00007fcc251f8800 JavaThread "AWT-EventQueue-1" [_thread_in_native, id=56347, stack(0x0000000179b2d000,0x0000000179c2d000)]
  0x00007fcc24008800 JavaThread "DestroyJavaVM" [_thread_blocked, id=4867, stack(0x000000010d42d000,0x000000010d52d000)]
  0x00007fcc2425f000 JavaThread "AWT-EventQueue-0" [_thread_blocked, id=54019, stack(0x000000012d7b3000,0x000000012d8b3000)]
  0x00007fcc25174800 JavaThread "Java2D Disposer" daemon [_thread_blocked, id=50967, stack(0x000000012c489000,0x000000012c589000)]
  0x00007fcc241e8800 JavaThread "Java2D Queue Flusher" daemon [_thread_blocked, id=49415, stack(0x000000012b3f7000,0x000000012b4f7000)]
  0x00007fcc24802800 JavaThread "AWT-Shutdown" [_thread_blocked, id=27923, stack(0x0000000128629000,0x0000000128729000)]
=>0x00007fcc248fc000 JavaThread "AWT-AppKit" daemon [_thread_in_native, id=1811, stack(0x00007fff520ea000,0x00007fff528ea000)]
  0x00007fcc2403f000 JavaThread "Service Thread" daemon [_thread_blocked, id=18179, stack(0x0000000126ac1000,0x0000000126bc1000)]
  0x00007fcc24808000 JavaThread "C1 CompilerThread2" daemon [_thread_blocked, id=17667, stack(0x00000001269be000,0x0000000126abe000)]
  0x00007fcc25817000 JavaThread "C2 CompilerThread1" daemon [_thread_blocked, id=17155, stack(0x00000001268bb000,0x00000001269bb000)]
  0x00007fcc24035800 JavaThread "C2 CompilerThread0" daemon [_thread_blocked, id=16643, stack(0x00000001267b8000,0x00000001268b8000)]
  0x00007fcc24005800 JavaThread "Signal Dispatcher" daemon [_thread_blocked, id=13331, stack(0x00000001266b5000,0x00000001267b5000)]
  0x00007fcc2480b000 JavaThread "Finalizer" daemon [_thread_blocked, id=11523, stack(0x0000000124c94000,0x0000000124d94000)]
  0x00007fcc24806000 JavaThread "Reference Handler" daemon [_thread_blocked, id=11011, stack(0x0000000124b91000,0x0000000124c91000)]

Other Threads:
  0x00007fcc25029000 VMThread [stack: 0x0000000124a8e000,0x0000000124b8e000] [id=10499]
  0x00007fcc24810800 WatcherThread [stack: 0x0000000126bc4000,0x0000000126cc4000] [id=18691]

VM state:not at safepoint (normal execution)

VM Mutex/Monitor currently owned by a thread: None

Heap:
 PSYoungGen      total 38400K, used 22324K [0x0000000795580000, 0x0000000798000000, 0x00000007c0000000)
  eden space 33280K, 51% used [0x0000000795580000,0x0000000796650438,0x0000000797600000)
  from space 5120K, 99% used [0x0000000797600000,0x0000000797afcca0,0x0000000797b00000)
  to   space 5120K, 0% used [0x0000000797b00000,0x0000000797b00000,0x0000000798000000)
 ParOldGen       total 87552K, used 11345K [0x0000000740000000, 0x0000000745580000, 0x0000000795580000)
  object space 87552K, 12% used [0x0000000740000000,0x0000000740b146d0,0x0000000745580000)
 Metaspace       used 18901K, capacity 19071K, committed 19328K, reserved 1067008K
  class space    used 1867K, capacity 1918K, committed 1920K, reserved 1048576K

Card table byte_map: [0x000000011e14f000,0x000000011e550000] byte_map_base: 0x000000011a74f000

Marking Bits: (ParMarkBitMap*) 0x000000010e6e3ea0
 Begin Bits: [0x000000011ec07000, 0x0000000120c07000)
 End Bits:   [0x0000000120c07000, 0x0000000122c07000)

Polling page: 0x000000010d572000

CodeCache: size=245760Kb used=6644Kb max_used=6657Kb free=239115Kb
 bounds [0x000000010ed8f000, 0x000000010f41f000, 0x000000011dd8f000]
 total_blobs=2755 nmethods=1882 adapters=787
 compilation: enabled

Compilation events (10 events):
Event: 8.258 Thread 0x00007fcc24808000 1877       3       sun.java2d.pipe.RenderBuffer::putFloat (26 bytes)
Event: 8.259 Thread 0x00007fcc24808000 nmethod 1877 0x000000010f4081d0 code [0x000000010f408340, 0x000000010f4084d0]
Event: 8.259 Thread 0x00007fcc24808000 1879       1       sun.java2d.SurfaceData::isValid (5 bytes)
Event: 8.259 Thread 0x00007fcc24808000 nmethod 1879 0x000000010f407f10 code [0x000000010f408060, 0x000000010f408170]
Event: 8.267 Thread 0x00007fcc24035800 1880       4       java.util.HashMap::containsKey (18 bytes)
Event: 8.267 Thread 0x00007fcc25817000 1881       4       processing.opengl.PGL::threadIsCurrent (14 bytes)
Event: 8.269 Thread 0x00007fcc25817000 nmethod 1881 0x000000010f38d090 code [0x000000010f38d1e0, 0x000000010f38d258]
Event: 8.271 Thread 0x00007fcc25817000 1882  s!   4       sun.misc.URLClassPath::getLoader (197 bytes)
Event: 8.276 Thread 0x00007fcc24035800 nmethod 1880 0x000000010f411090 code [0x000000010f411200, 0x000000010f411538]
Event: 8.279 Thread 0x00007fcc25817000 nmethod 1882 0x000000010f412b50 code [0x000000010f412cc0, 0x000000010f413498]

GC Heap History (6 events):
Event: 1.958 GC heap before
{Heap before GC invocations=1 (full 0):
 PSYoungGen      total 38400K, used 33280K [0x0000000795580000, 0x0000000798000000, 0x00000007c0000000)
  eden space 33280K, 100% used [0x0000000795580000,0x0000000797600000,0x0000000797600000)
  from space 5120K, 0% used [0x0000000797b00000,0x0000000797b00000,0x0000000798000000)
  to   space 5120K, 0% used [0x0000000797600000,0x0000000797600000,0x0000000797b00000)
 ParOldGen       total 87552K, used 0K [0x0000000740000000, 0x0000000745580000, 0x0000000795580000)
  object space 87552K, 0% used [0x0000000740000000,0x0000000740000000,0x0000000745580000)
 Metaspace       used 15596K, capacity 15757K, committed 16000K, reserved 1062912K
  class space    used 1570K, capacity 1627K, committed 1664K, reserved 1048576K
Event: 1.964 GC heap after
Heap after GC invocations=1 (full 0):
 PSYoungGen      total 38400K, used 4739K [0x0000000795580000, 0x0000000798000000, 0x00000007c0000000)
  eden space 33280K, 0% used [0x0000000795580000,0x0000000795580000,0x0000000797600000)
  from space 5120K, 92% used [0x0000000797600000,0x0000000797aa0c90,0x0000000797b00000)
  to   space 5120K, 0% used [0x0000000797b00000,0x0000000797b00000,0x0000000798000000)
 ParOldGen       total 87552K, used 16K [0x0000000740000000, 0x0000000745580000, 0x0000000795580000)
  object space 87552K, 0% used [0x0000000740000000,0x0000000740004000,0x0000000745580000)
 Metaspace       used 15596K, capacity 15757K, committed 16000K, reserved 1062912K
  class space    used 1570K, capacity 1627K, committed 1664K, reserved 1048576K
}
Event: 2.871 GC heap before
{Heap before GC invocations=2 (full 0):
 PSYoungGen      total 38400K, used 38019K [0x0000000795580000, 0x0000000798000000, 0x00000007c0000000)
  eden space 33280K, 100% used [0x0000000795580000,0x0000000797600000,0x0000000797600000)
  from space 5120K, 92% used [0x0000000797600000,0x0000000797aa0c90,0x0000000797b00000)
  to   space 5120K, 0% used [0x0000000797b00000,0x0000000797b00000,0x0000000798000000)
 ParOldGen       total 87552K, used 16K [0x0000000740000000, 0x0000000745580000, 0x0000000795580000)
  object space 87552K, 0% used [0x0000000740000000,0x0000000740004000,0x0000000745580000)
 Metaspace       used 18308K, capacity 18489K, committed 18560K, reserved 1067008K
  class space    used 1859K, capacity 1917K, committed 1920K, reserved 1048576K
Event: 2.881 GC heap after
Heap after GC invocations=2 (full 0):
 PSYoungGen      total 38400K, used 5107K [0x0000000795580000, 0x0000000798000000, 0x00000007c0000000)
  eden space 33280K, 0% used [0x0000000795580000,0x0000000795580000,0x0000000797600000)
  from space 5120K, 99% used [0x0000000797b00000,0x0000000797ffccb0,0x0000000798000000)
  to   space 5120K, 0% used [0x0000000797600000,0x0000000797600000,0x0000000797b00000)
 ParOldGen       total 87552K, used 7249K [0x0000000740000000, 0x0000000745580000, 0x0000000795580000)
  object space 87552K, 8% used [0x0000000740000000,0x0000000740714550,0x0000000745580000)
 Metaspace       used 18308K, capacity 18489K, committed 18560K, reserved 1067008K
  class space    used 1859K, capacity 1917K, committed 1920K, reserved 1048576K
}
Event: 3.668 GC heap before
{Heap before GC invocations=3 (full 0):
 PSYoungGen      total 38400K, used 38387K [0x0000000795580000, 0x0000000798000000, 0x00000007c0000000)
  eden space 33280K, 100% used [0x0000000795580000,0x0000000797600000,0x0000000797600000)
  from space 5120K, 99% used [0x0000000797b00000,0x0000000797ffccb0,0x0000000798000000)
  to   space 5120K, 0% used [0x0000000797600000,0x0000000797600000,0x0000000797b00000)
 ParOldGen       total 87552K, used 7249K [0x0000000740000000, 0x0000000745580000, 0x0000000795580000)
  object space 87552K, 8% used [0x0000000740000000,0x0000000740714550,0x0000000745580000)
 Metaspace       used 18540K, capacity 18745K, committed 18816K, reserved 1067008K
  class space    used 1859K, capacity 1917K, committed 1920K, reserved 1048576K
Event: 3.673 GC heap after
Heap after GC invocations=3 (full 0):
 PSYoungGen      total 38400K, used 5107K [0x0000000795580000, 0x0000000798000000, 0x00000007c0000000)
  eden space 33280K, 0% used [0x0000000795580000,0x0000000795580000,0x0000000797600000)
  from space 5120K, 99% used [0x0000000797600000,0x0000000797afcca0,0x0000000797b00000)
  to   space 5120K, 0% used [0x0000000797b00000,0x0000000797b00000,0x0000000798000000)
 ParOldGen       total 87552K, used 11345K [0x0000000740000000, 0x0000000745580000, 0x0000000795580000)
  object space 87552K, 12% used [0x0000000740000000,0x0000000740b146d0,0x0000000745580000)
 Metaspace       used 18540K, capacity 18745K, committed 18816K, reserved 1067008K
  class space    used 1859K, capacity 1917K, committed 1920K, reserved 1048576K
}

Deoptimization events (7 events):
Event: 1.471 Thread 0x00007fcc2594d000 Uncommon trap: reason=unstable_if action=reinterpret pc=0x000000010ef5d900 method=java.lang.String.toLowerCase(Ljava/util/Locale;)Ljava/lang/String; @ 85
Event: 1.672 Thread 0x00007fcc24ac4000 Uncommon trap: reason=unstable_if action=reinterpret pc=0x000000010efee094 method=java.lang.String.lastIndexOf([CII[CIII)I @ 66
Event: 1.718 Thread 0x00007fcc24ac4000 Uncommon trap: reason=unstable_if action=reinterpret pc=0x000000010f00fb94 method=java.lang.String.indexOf([CII[CIII)I @ 3
Event: 1.718 Thread 0x00007fcc24ac4000 Uncommon trap: reason=unstable_if action=reinterpret pc=0x000000010efe5f54 method=java.lang.String.indexOf([CII[CIII)I @ 3
Event: 1.718 Thread 0x00007fcc24ac4000 Uncommon trap: reason=unstable_if action=reinterpret pc=0x000000010ef49d58 method=java.lang.String.indexOf([CII[CIII)I @ 3
Event: 2.471 Thread 0x00007fcc251f8800 Uncommon trap: reason=unstable_if action=reinterpret pc=0x000000010ef31d6c method=java.lang.AbstractStringBuilder.append(Ljava/lang/String;)Ljava/lang/AbstractStringBuilder; @ 1
Event: 8.253 Thread 0x00007fcc251f8800 Uncommon trap: reason=unstable_if action=reinterpret pc=0x000000010f238e68 method=com.jogamp.common.util.VersionNumber.compareTo(Lcom/jogamp/common/util/VersionNumber;)I @ 21

Internal exceptions (10 events):
Event: 0.153 Thread 0x00007fcc24008800 Exception <a 'java/lang/NoSuchFieldError': method resolution failed> (0x0000000795879e28) thrown at [/Users/java_re/workspace/8-2-build-macosx-x86_64/jdk8u71/5731/hotspot/src/share/vm/prims/methodHandles.cpp, line 1146]
Event: 0.154 Thread 0x00007fcc24008800 Exception <a 'java/lang/NoSuchFieldError': method resolution failed> (0x00000007958875f8) thrown at [/Users/java_re/workspace/8-2-build-macosx-x86_64/jdk8u71/5731/hotspot/src/share/vm/prims/methodHandles.cpp, line 1146]
Event: 0.340 Thread 0x00007fcc24008800 Exception <a 'java/io/FileNotFoundException'> (0x00000007959033a8) thrown at [/Users/java_re/workspace/8-2-build-macosx-x86_64/jdk8u71/5731/hotspot/src/share/vm/prims/jni.cpp, line 709]
Event: 0.340 Thread 0x00007fcc24008800 Exception <a 'java/io/FileNotFoundException'> (0x0000000795903ef8) thrown at [/Users/java_re/workspace/8-2-build-macosx-x86_64/jdk8u71/5731/hotspot/src/share/vm/prims/jni.cpp, line 709]
Event: 0.456 Thread 0x00007fcc24008800 Exception <a 'java/io/FileNotFoundException'> (0x0000000795ae8ee8) thrown at [/Users/java_re/workspace/8-2-build-macosx-x86_64/jdk8u71/5731/hotspot/src/share/vm/prims/jni.cpp, line 709]
Event: 1.749 Thread 0x00007fcc24ac4000 Exception <a 'java/lang/UnsatisfiedLinkError': com.jogamp.common.util.JarUtil.fixNativeLibAttribs(Ljava/lang/String;)Z> (0x0000000796c41dc0) thrown at [/Users/java_re/workspace/8-2-build-macosx-x86_64/jdk8u71/5731/hotspot/src/share/vm/prims/nativeLookup.c
Event: 1.966 Thread 0x00007fcc2480b000 Exception <a 'java/lang/NullPointerException'> (0x00000007956f5dd8) thrown at [/Users/java_re/workspace/8-2-build-macosx-x86_64/jdk8u71/5731/hotspot/src/share/vm/interpreter/linkResolver.cpp, line 1178]
Event: 2.471 Thread 0x00007fcc251f8800 Exception <a 'java/io/FileNotFoundException'> (0x00000007960ea788) thrown at [/Users/java_re/workspace/8-2-build-macosx-x86_64/jdk8u71/5731/hotspot/src/share/vm/prims/jni.cpp, line 709]
Event: 2.471 Thread 0x00007fcc251f8800 Exception <a 'java/io/FileNotFoundException'> (0x00000007960f1cb8) thrown at [/Users/java_re/workspace/8-2-build-macosx-x86_64/jdk8u71/5731/hotspot/src/share/vm/prims/jni.cpp, line 709]
Event: 2.471 Thread 0x00007fcc251f8800 Implicit null exception at 0x000000010ef319f5 to 0x000000010ef31d59

Events (10 events):
Event: 8.280 loading class jogamp/nativewindow/jawt/macosx/MacOSXJAWTWindow$1 done
Event: 8.281 loading class java/awt/LightweightDispatcher$2
Event: 8.281 loading class java/awt/LightweightDispatcher$2 done
Event: 8.281 loading class java/awt/event/AWTEventListenerProxy
Event: 8.281 loading class java/awt/event/AWTEventListenerProxy done
Event: 8.281 loading class java/awt/Toolkit$ToolkitEventMulticaster
Event: 8.281 loading class java/awt/Toolkit$ToolkitEventMulticaster done
Event: 8.282 Thread 0x00007fcc2495e800 Thread exited: 0x00007fcc2495e800
Event: 8.282 loading class java/awt/Window$1DisposeAction
Event: 8.282 loading class java/awt/Window$1DisposeAction done


Dynamic libraries:
0x0000000008394000 	/System/Library/Frameworks/Cocoa.framework/Versions/A/Cocoa
0x0000000008394000 	/System/Library/Frameworks/Security.framework/Versions/A/Security
0x0000000008394000 	/System/Library/Frameworks/ApplicationServices.framework/Versions/A/ApplicationServices
0x0000000008394000 	/usr/lib/libz.1.dylib
0x0000000008394000 	/usr/lib/libSystem.B.dylib
0x0000000008394000 	/usr/lib/libobjc.A.dylib
0x0000000008394000 	/System/Library/Frameworks/CoreFoundation.framework/Versions/A/CoreFoundation
0x0000000008394000 	/System/Library/Frameworks/Foundation.framework/Versions/C/Foundation
0x0000000008394000 	/System/Library/Frameworks/AppKit.framework/Versions/C/AppKit
0x0000000008394000 	/System/Library/Frameworks/CoreData.framework/Versions/A/CoreData
0x0000000008394000 	/System/Library/PrivateFrameworks/RemoteViewServices.framework/Versions/A/RemoteViewServices
0x0000000008394000 	/System/Library/PrivateFrameworks/UIFoundation.framework/Versions/A/UIFoundation
0x0000000008394000 	/System/Library/Frameworks/IOSurface.framework/Versions/A/IOSurface
0x0000000008394000 	/System/Library/Frameworks/AudioToolbox.framework/Versions/A/AudioToolbox
0x0000000008394000 	/System/Library/Frameworks/AudioUnit.framework/Versions/A/AudioUnit
0x0000000008394000 	/System/Library/PrivateFrameworks/DataDetectorsCore.framework/Versions/A/DataDetectorsCore
0x0000000008394000 	/System/Library/PrivateFrameworks/DesktopServicesPriv.framework/Versions/A/DesktopServicesPriv
0x0000000008394000 	/System/Library/Frameworks/Carbon.framework/Versions/A/Frameworks/HIToolbox.framework/Versions/A/HIToolbox
0x0000000008394000 	/System/Library/Frameworks/QuartzCore.framework/Versions/A/QuartzCore
0x0000000008394000 	/System/Library/Frameworks/Carbon.framework/Versions/A/Frameworks/SpeechRecognition.framework/Versions/A/SpeechRecognition
0x0000000008394000 	/usr/lib/libauto.dylib
0x0000000008394000 	/usr/lib/libicucore.A.dylib
0x0000000008394000 	/usr/lib/libxml2.2.dylib
0x0000000008394000 	/System/Library/PrivateFrameworks/CoreUI.framework/Versions/A/CoreUI
0x0000000008394000 	/System/Library/Frameworks/CoreAudio.framework/Versions/A/CoreAudio
0x0000000008394000 	/System/Library/Frameworks/DiskArbitration.framework/Versions/A/DiskArbitration
0x0000000008394000 	/usr/lib/liblangid.dylib
0x0000000008394000 	/System/Library/PrivateFrameworks/MultitouchSupport.framework/Versions/A/MultitouchSupport
0x0000000008394000 	/System/Library/Frameworks/IOKit.framework/Versions/A/IOKit
0x0000000008394000 	/usr/lib/libDiagnosticMessagesClient.dylib
0x0000000008394000 	/System/Library/Frameworks/CoreServices.framework/Versions/A/CoreServices
0x0000000008394000 	/System/Library/PrivateFrameworks/PerformanceAnalysis.framework/Versions/A/PerformanceAnalysis
0x0000000008394000 	/System/Library/PrivateFrameworks/GenerationalStorage.framework/Versions/A/GenerationalStorage
0x0000000008394000 	/System/Library/Frameworks/OpenGL.framework/Versions/A/OpenGL
0x0000000008394000 	/System/Library/PrivateFrameworks/Sharing.framework/Versions/A/Sharing
0x0000000008394000 	/System/Library/Frameworks/CoreGraphics.framework/Versions/A/CoreGraphics
0x0000000008394000 	/System/Library/Frameworks/CoreText.framework/Versions/A/CoreText
0x0000000008394000 	/System/Library/Frameworks/ImageIO.framework/Versions/A/ImageIO
0x0000000008394000 	/usr/lib/libextension.dylib
0x0000000008394000 	/System/Library/PrivateFrameworks/Backup.framework/Versions/A/Backup
0x0000000008394000 	/usr/lib/libarchive.2.dylib
0x0000000008394000 	/System/Library/Frameworks/CFNetwork.framework/Versions/A/CFNetwork
0x0000000008394000 	/System/Library/Frameworks/SystemConfiguration.framework/Versions/A/SystemConfiguration
0x0000000008394000 	/usr/lib/libCRFSuite.dylib
0x0000000008394000 	/usr/lib/libc++.1.dylib
0x0000000008394000 	/usr/lib/libc++abi.dylib
0x0000000008394000 	/usr/lib/system/libcache.dylib
0x0000000008394000 	/usr/lib/system/libcommonCrypto.dylib
0x0000000008394000 	/usr/lib/system/libcompiler_rt.dylib
0x0000000008394000 	/usr/lib/system/libcopyfile.dylib
0x0000000008394000 	/usr/lib/system/libcorecrypto.dylib
0x0000000008394000 	/usr/lib/system/libdispatch.dylib
0x0000000008394000 	/usr/lib/system/libdyld.dylib
0x0000000008394000 	/usr/lib/system/libkeymgr.dylib
0x0000000008394000 	/usr/lib/system/liblaunch.dylib
0x0000000008394000 	/usr/lib/system/libmacho.dylib
0x0000000008394000 	/usr/lib/system/libquarantine.dylib
0x0000000008394000 	/usr/lib/system/libremovefile.dylib
0x0000000008394000 	/usr/lib/system/libsystem_asl.dylib
0x0000000008394000 	/usr/lib/system/libsystem_blocks.dylib
0x0000000008394000 	/usr/lib/system/libsystem_c.dylib
0x0000000008394000 	/usr/lib/system/libsystem_configuration.dylib
0x0000000008394000 	/usr/lib/system/libsystem_coreservices.dylib
0x0000000008394000 	/usr/lib/system/libsystem_coretls.dylib
0x0000000008394000 	/usr/lib/system/libsystem_dnssd.dylib
0x0000000008394000 	/usr/lib/system/libsystem_info.dylib
0x0000000008394000 	/usr/lib/system/libsystem_kernel.dylib
0x0000000008394000 	/usr/lib/system/libsystem_m.dylib
0x0000000008394000 	/usr/lib/system/libsystem_malloc.dylib
0x0000000008394000 	/usr/lib/system/libsystem_network.dylib
0x0000000008394000 	/usr/lib/system/libsystem_networkextension.dylib
0x0000000008394000 	/usr/lib/system/libsystem_notify.dylib
0x0000000008394000 	/usr/lib/system/libsystem_platform.dylib
0x0000000008394000 	/usr/lib/system/libsystem_pthread.dylib
0x0000000008394000 	/usr/lib/system/libsystem_sandbox.dylib
0x0000000008394000 	/usr/lib/system/libsystem_secinit.dylib
0x0000000008394000 	/usr/lib/system/libsystem_stats.dylib
0x0000000008394000 	/usr/lib/system/libsystem_trace.dylib
0x0000000008394000 	/usr/lib/system/libunc.dylib
0x0000000008394000 	/usr/lib/system/libunwind.dylib
0x0000000008394000 	/usr/lib/system/libxpc.dylib
0x0000000008394000 	/usr/lib/libbz2.1.0.dylib
0x0000000008394000 	/usr/lib/liblzma.5.dylib
0x0000000008394000 	/usr/lib/libbsm.0.dylib
0x0000000008394000 	/usr/lib/libsqlite3.dylib
0x0000000008394000 	/usr/lib/system/libkxld.dylib
0x0000000008394000 	/usr/lib/libxar.1.dylib
0x0000000008394000 	/usr/lib/libpam.2.dylib
0x0000000008394000 	/usr/lib/libOpenScriptingUtil.dylib
0x0000000008394000 	/System/Library/Frameworks/CoreServices.framework/Versions/A/Frameworks/FSEvents.framework/Versions/A/FSEvents
0x0000000008394000 	/System/Library/Frameworks/CoreServices.framework/Versions/A/Frameworks/CarbonCore.framework/Versions/A/CarbonCore
0x0000000008394000 	/System/Library/Frameworks/CoreServices.framework/Versions/A/Frameworks/Metadata.framework/Versions/A/Metadata
0x0000000008394000 	/System/Library/Frameworks/CoreServices.framework/Versions/A/Frameworks/OSServices.framework/Versions/A/OSServices
0x0000000008394000 	/System/Library/Frameworks/CoreServices.framework/Versions/A/Frameworks/SearchKit.framework/Versions/A/SearchKit
0x0000000008394000 	/System/Library/Frameworks/CoreServices.framework/Versions/A/Frameworks/AE.framework/Versions/A/AE
0x0000000008394000 	/System/Library/Frameworks/CoreServices.framework/Versions/A/Frameworks/LaunchServices.framework/Versions/A/LaunchServices
0x0000000008394000 	/System/Library/Frameworks/CoreServices.framework/Versions/A/Frameworks/DictionaryServices.framework/Versions/A/DictionaryServices
0x0000000008394000 	/System/Library/Frameworks/NetFS.framework/Versions/A/NetFS
0x0000000008394000 	/System/Library/PrivateFrameworks/NetAuth.framework/Versions/A/NetAuth
0x0000000008394000 	/System/Library/PrivateFrameworks/login.framework/Versions/A/Frameworks/loginsupport.framework/Versions/A/loginsupport
0x0000000008394000 	/System/Library/PrivateFrameworks/TCC.framework/Versions/A/TCC
0x0000000008394000 	/usr/lib/libmecabra.dylib
0x0000000008394000 	/System/Library/Frameworks/ApplicationServices.framework/Versions/A/Frameworks/ATS.framework/Versions/A/ATS
0x0000000008394000 	/System/Library/Frameworks/ApplicationServices.framework/Versions/A/Frameworks/ColorSync.framework/Versions/A/ColorSync
0x0000000008394000 	/System/Library/Frameworks/ApplicationServices.framework/Versions/A/Frameworks/HIServices.framework/Versions/A/HIServices
0x0000000008394000 	/System/Library/Frameworks/ApplicationServices.framework/Versions/A/Frameworks/LangAnalysis.framework/Versions/A/LangAnalysis
0x0000000008394000 	/System/Library/Frameworks/ApplicationServices.framework/Versions/A/Frameworks/PrintCore.framework/Versions/A/PrintCore
0x0000000008394000 	/System/Library/Frameworks/ApplicationServices.framework/Versions/A/Frameworks/QD.framework/Versions/A/QD
0x0000000008394000 	/System/Library/Frameworks/ApplicationServices.framework/Versions/A/Frameworks/SpeechSynthesis.framework/Versions/A/SpeechSynthesis
0x0000000008394000 	/System/Library/Frameworks/Accelerate.framework/Versions/A/Accelerate
0x0000000008394000 	/System/Library/Frameworks/Accelerate.framework/Versions/A/Frameworks/vImage.framework/Versions/A/vImage
0x0000000008394000 	/System/Library/Frameworks/Accelerate.framework/Versions/A/Frameworks/vecLib.framework/Versions/A/vecLib
0x0000000008394000 	/System/Library/Frameworks/Accelerate.framework/Versions/A/Frameworks/vecLib.framework/Versions/A/libvDSP.dylib
0x0000000008394000 	/System/Library/Frameworks/Accelerate.framework/Versions/A/Frameworks/vecLib.framework/Versions/A/libvMisc.dylib
0x0000000008394000 	/System/Library/Frameworks/Accelerate.framework/Versions/A/Frameworks/vecLib.framework/Versions/A/libLAPACK.dylib
0x0000000008394000 	/System/Library/Frameworks/Accelerate.framework/Versions/A/Frameworks/vecLib.framework/Versions/A/libBLAS.dylib
0x0000000008394000 	/System/Library/Frameworks/Accelerate.framework/Versions/A/Frameworks/vecLib.framework/Versions/A/libLinearAlgebra.dylib
0x0000000008394000 	/System/Library/Frameworks/ApplicationServices.framework/Versions/A/Frameworks/ATS.framework/Versions/A/Resources/libFontParser.dylib
0x0000000008394000 	/System/Library/Frameworks/ApplicationServices.framework/Versions/A/Frameworks/ATS.framework/Versions/A/Resources/libFontRegistry.dylib
0x0000000008394000 	/System/Library/PrivateFrameworks/AppleVPA.framework/Versions/A/AppleVPA
0x0000000008394000 	/System/Library/PrivateFrameworks/AppleJPEG.framework/Versions/A/AppleJPEG
0x0000000008394000 	/System/Library/Frameworks/ImageIO.framework/Versions/A/Resources/libJPEG.dylib
0x0000000008394000 	/System/Library/Frameworks/ImageIO.framework/Versions/A/Resources/libTIFF.dylib
0x0000000008394000 	/System/Library/Frameworks/ImageIO.framework/Versions/A/Resources/libPng.dylib
0x0000000008394000 	/System/Library/Frameworks/ImageIO.framework/Versions/A/Resources/libGIF.dylib
0x0000000008394000 	/System/Library/Frameworks/ImageIO.framework/Versions/A/Resources/libJP2.dylib
0x0000000008394000 	/System/Library/Frameworks/ImageIO.framework/Versions/A/Resources/libRadiance.dylib
0x0000000008394000 	/System/Library/Frameworks/CoreVideo.framework/Versions/A/CoreVideo
0x0000000008394000 	/System/Library/Frameworks/OpenGL.framework/Versions/A/Libraries/libGLU.dylib
0x0000000008394000 	/System/Library/Frameworks/OpenGL.framework/Versions/A/Libraries/libGFXShared.dylib
0x0000000008394000 	/System/Library/Frameworks/OpenGL.framework/Versions/A/Libraries/libGL.dylib
0x0000000008394000 	/System/Library/Frameworks/OpenGL.framework/Versions/A/Libraries/libGLImage.dylib
0x0000000008394000 	/System/Library/Frameworks/OpenGL.framework/Versions/A/Libraries/libCVMSPluginSupport.dylib
0x0000000008394000 	/System/Library/Frameworks/OpenGL.framework/Versions/A/Libraries/libCoreVMClient.dylib
0x0000000008394000 	/usr/lib/libcups.2.dylib
0x0000000008394000 	/System/Library/Frameworks/Kerberos.framework/Versions/A/Kerberos
0x0000000008394000 	/System/Library/Frameworks/GSS.framework/Versions/A/GSS
0x0000000008394000 	/usr/lib/libresolv.9.dylib
0x0000000008394000 	/usr/lib/libiconv.2.dylib
0x0000000008394000 	/System/Library/PrivateFrameworks/Heimdal.framework/Versions/A/Heimdal
0x0000000008394000 	/usr/lib/libheimdal-asn1.dylib
0x0000000008394000 	/System/Library/Frameworks/OpenDirectory.framework/Versions/A/OpenDirectory
0x0000000008394000 	/System/Library/PrivateFrameworks/CommonAuth.framework/Versions/A/CommonAuth
0x0000000008394000 	/System/Library/Frameworks/OpenDirectory.framework/Versions/A/Frameworks/CFOpenDirectory.framework/Versions/A/CFOpenDirectory
0x0000000008394000 	/System/Library/Frameworks/SecurityFoundation.framework/Versions/A/SecurityFoundation
0x0000000008394000 	/System/Library/PrivateFrameworks/LanguageModeling.framework/Versions/A/LanguageModeling
0x0000000008394000 	/usr/lib/libcmph.dylib
0x0000000008394000 	/System/Library/Frameworks/ServiceManagement.framework/Versions/A/ServiceManagement
0x0000000008394000 	/usr/lib/libxslt.1.dylib
0x0000000008394000 	/System/Library/Frameworks/Carbon.framework/Versions/A/Frameworks/Ink.framework/Versions/A/Ink
0x0000000008394000 	/System/Library/Frameworks/QuartzCore.framework/Versions/A/Frameworks/CoreImage.framework/Versions/A/CoreImage
0x0000000008394000 	/System/Library/PrivateFrameworks/CrashReporterSupport.framework/Versions/A/CrashReporterSupport
0x0000000008394000 	/System/Library/Frameworks/OpenCL.framework/Versions/A/OpenCL
0x0000000008394000 	/System/Library/PrivateFrameworks/FaceCore.framework/Versions/A/FaceCore
0x0000000008394000 	/System/Library/PrivateFrameworks/Ubiquity.framework/Versions/A/Ubiquity
0x0000000008394000 	/System/Library/PrivateFrameworks/IconServices.framework/Versions/A/IconServices
0x0000000008394000 	/System/Library/PrivateFrameworks/ChunkingLibrary.framework/Versions/A/ChunkingLibrary
0x0000000008394000 	/System/Library/PrivateFrameworks/Apple80211.framework/Versions/A/Apple80211
0x0000000008394000 	/System/Library/Frameworks/CoreWLAN.framework/Versions/A/CoreWLAN
0x0000000008394000 	/System/Library/Frameworks/IOBluetooth.framework/Versions/A/IOBluetooth
0x0000000008394000 	/System/Library/PrivateFrameworks/CoreWiFi.framework/Versions/A/CoreWiFi
0x0000000008394000 	/System/Library/Frameworks/CoreBluetooth.framework/Versions/A/CoreBluetooth
0x0000000008394000 	/System/Library/PrivateFrameworks/DebugSymbols.framework/Versions/A/DebugSymbols
0x0000000008394000 	/System/Library/PrivateFrameworks/CoreSymbolication.framework/Versions/A/CoreSymbolication
0x0000000008394000 	/System/Library/PrivateFrameworks/Symbolication.framework/Versions/A/Symbolication
0x0000000008394000 	/System/Library/PrivateFrameworks/SpeechRecognitionCore.framework/Versions/A/SpeechRecognitionCore
0x000000010de00000 	/Library/Java/JavaVirtualMachines/jdk1.8.0_71.jdk/Contents/Home/jre/lib/server/libjvm.dylib
0x0000000008394000 	/usr/lib/libstdc++.6.dylib
0x000000010d52f000 	/Library/Java/JavaVirtualMachines/jdk1.8.0_71.jdk/Contents/Home/jre/lib/libverify.dylib
0x000000010d53d000 	/Library/Java/JavaVirtualMachines/jdk1.8.0_71.jdk/Contents/Home/jre/lib/libjava.dylib
0x000000010d57c000 	/Library/Java/JavaVirtualMachines/jdk1.8.0_71.jdk/Contents/Home/jre/lib/libzip.dylib
0x0000000124d96000 	/System/Library/Frameworks/JavaVM.framework/Frameworks/JavaRuntimeSupport.framework/JavaRuntimeSupport
0x0000000124dae000 	/System/Library/Frameworks/JavaVM.framework/Versions/A/Frameworks/JavaNativeFoundation.framework/Versions/A/JavaNativeFoundation
0x0000000124dc3000 	/System/Library/Frameworks/JavaVM.framework/Versions/A/JavaVM
0x0000000008394000 	/System/Library/Frameworks/Carbon.framework/Versions/A/Carbon
0x0000000124dd0000 	/System/Library/PrivateFrameworks/JavaLaunching.framework/Versions/A/JavaLaunching
0x0000000008394000 	/System/Library/Frameworks/Carbon.framework/Versions/A/Frameworks/CommonPanels.framework/Versions/A/CommonPanels
0x0000000008394000 	/System/Library/Frameworks/Carbon.framework/Versions/A/Frameworks/Help.framework/Versions/A/Help
0x0000000008394000 	/System/Library/Frameworks/Carbon.framework/Versions/A/Frameworks/ImageCapture.framework/Versions/A/ImageCapture
0x0000000008394000 	/System/Library/Frameworks/Carbon.framework/Versions/A/Frameworks/OpenScripting.framework/Versions/A/OpenScripting
0x0000000008394000 	/System/Library/Frameworks/Carbon.framework/Versions/A/Frameworks/Print.framework/Versions/A/Print
0x0000000008394000 	/System/Library/Frameworks/Carbon.framework/Versions/A/Frameworks/SecurityHI.framework/Versions/A/SecurityHI
0x0000000126cfc000 	/Library/Java/JavaVirtualMachines/jdk1.8.0_71.jdk/Contents/Home/jre/lib/libawt.dylib
0x0000000126da4000 	/Library/Java/JavaVirtualMachines/jdk1.8.0_71.jdk/Contents/Home/jre/lib/./libmlib_image.dylib
0x0000000126e70000 	/Library/Java/JavaVirtualMachines/jdk1.8.0_71.jdk/Contents/Home/jre/lib/libawt_lwawt.dylib
0x0000000126f25000 	/Library/Java/JavaVirtualMachines/jdk1.8.0_71.jdk/Contents/Home/jre/lib/./libosxapp.dylib
0x0000000008394000 	/System/Library/Frameworks/ExceptionHandling.framework/Versions/A/ExceptionHandling
0x0000000008394000 	/System/Library/PrivateFrameworks/CoreServicesInternal.framework/Versions/A/CoreServicesInternal
0x0000000008394000 	/System/Library/PrivateFrameworks/CloudDocs.framework/Versions/A/CloudDocs
0x0000000008394000 	/System/Library/PrivateFrameworks/CoreDuet.framework/Versions/A/CoreDuet
0x0000000008394000 	/System/Library/Frameworks/CloudKit.framework/Versions/A/CloudKit
0x0000000008394000 	/System/Library/PrivateFrameworks/ProtocolBuffer.framework/Versions/A/ProtocolBuffer
0x0000000008394000 	/System/Library/PrivateFrameworks/CoreDuetDaemonProtocol.framework/Versions/A/CoreDuetDaemonProtocol
0x0000000008394000 	/System/Library/PrivateFrameworks/CoreDuetDebugLogging.framework/Versions/A/CoreDuetDebugLogging
0x0000000008394000 	/System/Library/PrivateFrameworks/MMCS.framework/Versions/A/MMCS
0x0000000008394000 	/System/Library/Frameworks/CoreLocation.framework/Versions/A/CoreLocation
0x0000000008394000 	/System/Library/PrivateFrameworks/ProtectedCloudStorage.framework/Versions/A/ProtectedCloudStorage
0x0000000008394000 	/System/Library/PrivateFrameworks/GeoServices.framework/Versions/A/GeoServices
0x0000000008394000 	/System/Library/Frameworks/CoreGraphics.framework/Versions/A/Resources/libCGCMS.A.dylib
0x0000000008394000 	/System/Library/Frameworks/CoreGraphics.framework/Versions/A/Resources/libRIP.A.dylib
0x0000000008394000 	/System/Library/Frameworks/CoreGraphics.framework/Versions/A/Resources/libCGXType.A.dylib
0x0000000008394000 	/System/Library/Frameworks/OpenCL.framework/Versions/A/Libraries/libcldcpuengine.dylib
0x0000000008394000 	/System/Library/PrivateFrameworks/DiskImages.framework/Versions/A/DiskImages
0x0000000008394000 	/System/Library/Frameworks/DiscRecording.framework/Versions/A/DiscRecording
0x0000000008394000 	/usr/lib/libcsfde.dylib
0x0000000008394000 	/usr/lib/libcurl.4.dylib
0x0000000008394000 	/System/Library/PrivateFrameworks/MediaKit.framework/Versions/A/MediaKit
0x0000000008394000 	/usr/lib/libCoreStorage.dylib
0x0000000008394000 	/System/Library/PrivateFrameworks/EFILogin.framework/Versions/A/EFILogin
0x0000000008394000 	/usr/lib/libutil.dylib
0x0000000008394000 	/System/Library/PrivateFrameworks/FindMyDevice.framework/Versions/A/FindMyDevice
0x0000000008394000 	/System/Library/Frameworks/LDAP.framework/Versions/A/LDAP
0x0000000008394000 	/usr/lib/libsasl2.2.dylib
0x0000000008394000 	/System/Library/PrivateFrameworks/CoreDaemon.framework/Versions/B/CoreDaemon
0x0000000008394000 	/usr/lib/libcrypto.0.9.8.dylib
0x0000000008394000 	/System/Library/PrivateFrameworks/AppleSRP.framework/Versions/A/AppleSRP
0x0000000008394000 	/System/Library/PrivateFrameworks/TrustEvaluationAgent.framework/Versions/A/TrustEvaluationAgent
0x000000012a163000 	cl_kernels
0x000000012a165000 	/System/Library/Frameworks/OpenCL.framework/Versions/A/Libraries/ImageFormats/unorm8_bgra.dylib
0x000000012a155000 	cl_kernels
0x0000000008394000 	/System/Library/PrivateFrameworks/FamilyControls.framework/Versions/A/FamilyControls
0x0000000008394000 	/System/Library/PrivateFrameworks/CommerceKit.framework/Versions/A/Frameworks/CommerceCore.framework/Versions/A/CommerceCore
0x0000000008394000 	/System/Library/PrivateFrameworks/SystemAdministration.framework/Versions/A/SystemAdministration
0x0000000008394000 	/System/Library/PrivateFrameworks/AppContainer.framework/Versions/A/AppContainer
0x0000000008394000 	/System/Library/PrivateFrameworks/SecCodeWrapper.framework/Versions/A/SecCodeWrapper
0x0000000008394000 	/System/Library/Frameworks/DirectoryService.framework/Versions/A/DirectoryService
0x0000000008394000 	/System/Library/PrivateFrameworks/LoginUIKit.framework/Versions/A/Frameworks/LoginUICore.framework/Versions/A/LoginUICore
0x0000000008394000 	/usr/lib/libodfde.dylib
0x0000000008394000 	/System/Library/Frameworks/OpenGL.framework/Versions/A/Resources/GLEngine.bundle/GLEngine
0x0000000008394000 	/System/Library/Frameworks/OpenGL.framework/Versions/A/Libraries/libGLProgrammability.dylib
0x000000012b4f9000 	/System/Library/Extensions/AppleIntelHD5000GraphicsGLDriver.bundle/Contents/MacOS/AppleIntelHD5000GraphicsGLDriver
0x0000000008394000 	/System/Library/PrivateFrameworks/IOAccelerator.framework/Versions/A/IOAccelerator
0x0000000008394000 	/System/Library/PrivateFrameworks/GPUSupport.framework/Versions/A/Libraries/libGPUSupportMercury.dylib
0x0000000008394000 	/System/Library/Frameworks/OpenGL.framework/Versions/A/Resources/GLRendererFloat.bundle/GLRendererFloat
0x000000012c58b000 	/Library/Java/JavaVirtualMachines/jdk1.8.0_71.jdk/Contents/Home/jre/lib/libfontmanager.dylib
0x000000012d8c5000 	/Library/Java/JavaVirtualMachines/jdk1.8.0_71.jdk/Contents/Home/jre/lib/libosxui.dylib
0x000000012db67000 	/Library/Java/JavaVirtualMachines/jdk1.8.0_71.jdk/Contents/Home/jre/lib/libnet.dylib
0x000000012d918000 	/Library/Java/JavaVirtualMachines/jdk1.8.0_71.jdk/Contents/Home/jre/lib/libnio.dylib
0x0000000008394000 	/System/Library/Frameworks/ApplicationServices.framework/Versions/A/Frameworks/ATS.framework/Versions/A/Resources/libTrueTypeScaler.dylib
0x00000001792c4000 	/private/var/folders/nd/04sy8tm10pndhyqtb5gnkm_c0000gn/T/jogamp_0000/file_cache/jln2768126934746086460/jln5185969386083270296/libgluegen-rt.jnilib
0x00000001792c9000 	/private/var/folders/nd/04sy8tm10pndhyqtb5gnkm_c0000gn/T/jogamp_0000/file_cache/jln2768126934746086460/jln5185969386083270296/libnativewindow_awt.jnilib
0x00000001792cc000 	/Library/Java/JavaVirtualMachines/jdk1.8.0_71.jdk/Contents/Home/jre/lib/libjawt.dylib
0x00000001792cf000 	/private/var/folders/nd/04sy8tm10pndhyqtb5gnkm_c0000gn/T/jogamp_0000/file_cache/jln2768126934746086460/jln5185969386083270296/libnativewindow_macosx.jnilib
0x000000017ce35000 	/private/var/folders/nd/04sy8tm10pndhyqtb5gnkm_c0000gn/T/jogamp_0000/file_cache/jln2768126934746086460/jln5185969386083270296/libjogl_desktop.jnilib
0x0000000181737000 	/Library/Java/JavaVirtualMachines/jdk1.8.0_71.jdk/Contents/Home/jre/lib/libjpeg.dylib

VM Arguments:
jvm_args: -Djava.security.policy=java.policy.applet -Dfile.encoding=UTF-8 
java_command: sun.applet.AppletViewer module1.HelloWorld1453570229433.html
java_class_path (initial): /Users/matthew/Documents/workspace/UCSDUnfoldingMaps/build:/Users/matthew/Documents/workspace/UCSDUnfoldingMaps/lib/core.jar:/Users/matthew/Documents/workspace/UCSDUnfoldingMaps/lib/gluegen-rt.jar:/Users/matthew/Documents/workspace/UCSDUnfoldingMaps/lib/jogl-all.jar:/Users/matthew/Documents/workspace/UCSDUnfoldingMaps/lib/log4j-1.2.15.jar:/Users/matthew/Documents/workspace/UCSDUnfoldingMaps/lib/sqlite-jdbc-3.7.2.jar:/Users/matthew/Documents/workspace/UCSDUnfoldingMaps/lib/json4processing.jar:/Users/matthew/Documents/workspace/UCSDUnfoldingMaps/lib/libTUIO.jar:/Users/matthew/Documents/workspace/UCSDUnfoldingMaps/lib/unfolding.0.9.7-uscd.jar
Launcher Type: SUN_STANDARD

Environment Variables:
PATH=/usr/bin:/bin:/usr/sbin:/sbin
SHELL=/bin/bash

Signal Handlers:
SIGSEGV: [libjvm.dylib+0x5a68c5], sa_mask[0]=11111111011111110111111111111111, sa_flags=SA_ONSTACK|SA_RESTART|SA_SIGINFO
SIGBUS: [libjvm.dylib+0x5a68c5], sa_mask[0]=11111111011111110111111111111111, sa_flags=SA_RESTART|SA_SIGINFO
SIGFPE: [libjvm.dylib+0x4805d4], sa_mask[0]=11111111011111110111111111111111, sa_flags=SA_RESTART|SA_SIGINFO
SIGPIPE: [libjvm.dylib+0x4805d4], sa_mask[0]=11111111011111110111111111111111, sa_flags=SA_RESTART|SA_SIGINFO
SIGXFSZ: [libjvm.dylib+0x4805d4], sa_mask[0]=11111111011111110111111111111111, sa_flags=SA_RESTART|SA_SIGINFO
SIGILL: [libjvm.dylib+0x4805d4], sa_mask[0]=11111111011111110111111111111111, sa_flags=SA_RESTART|SA_SIGINFO
SIGUSR1: SIG_DFL, sa_mask[0]=00000000000000000000000000000000, sa_flags=none
SIGUSR2: [libjvm.dylib+0x4800f2], sa_mask[0]=00100000000000000000000000000000, sa_flags=SA_RESTART|SA_SIGINFO
SIGHUP: [libjvm.dylib+0x47e6c9], sa_mask[0]=11111111011111110111111111111111, sa_flags=SA_RESTART|SA_SIGINFO
SIGINT: [libjvm.dylib+0x47e6c9], sa_mask[0]=11111111011111110111111111111111, sa_flags=SA_RESTART|SA_SIGINFO
SIGTERM: [libjvm.dylib+0x47e6c9], sa_mask[0]=11111111011111110111111111111111, sa_flags=SA_RESTART|SA_SIGINFO
SIGQUIT: [libjvm.dylib+0x47e6c9], sa_mask[0]=11111111011111110111111111111111, sa_flags=SA_RESTART|SA_SIGINFO


---------------  S Y S T E M  ---------------

OS:Bsduname:Darwin 14.5.0 Darwin Kernel Version 14.5.0: Tue Sep  1 21:23:09 PDT 2015; root:xnu-2782.50.1~1/RELEASE_X86_64 x86_64
rlimit: STACK 8192k, CORE 0k, NPROC 709, NOFILE 10240, AS infinity
load average:1.42 2.24 1.20

CPU:total 4 (2 cores per cpu, 2 threads per core) family 6 model 69 stepping 1, cmov, cx8, fxsr, mmx, sse, sse2, sse3, ssse3, sse4.1, sse4.2, popcnt, avx, avx2, aes, clmul, erms, lzcnt, ht, tsc, tscinvbit, bmi1, bmi2

Memory: 4k page, physical 8388608k(3739204k free)

/proc/meminfo:


vm_info: Java HotSpot(TM) 64-Bit Server VM (25.71-b15) for bsd-amd64 JRE (1.8.0_71-b15), built on Dec 22 2015 15:11:44 by "java_re" with gcc 4.2.1 (Based on Apple Inc. build 5658) (LLVM build 2336.11.00)

time: Sat Jan 23 12:30:37 2016
elapsed time: 8 seconds (0d 0h 0m 8s)

